#
# There is insufficient memory for the Java Runtime Environment to continue.
# Native memory allocation (malloc) failed to allocate 1619568 bytes. Error detail: Chunk::new
# Possible reasons:
#   The system is out of physical RAM or swap space
#   This process is running with CompressedOops enabled, and the Java Heap may be blocking the growth of the native heap
# Possible solutions:
#   Reduce memory load on the system
#   Increase physical memory or swap space
#   Check if swap backing store is full
#   Decrease Java heap size (-Xmx/-Xms)
#   Decrease number of Java threads
#   Decrease Java thread stack sizes (-Xss)
#   Set larger code cache with -XX:ReservedCodeCacheSize=
#   JVM is running with Unscaled Compressed Oops mode in which the Java heap is
#     placed in the first 4GB address space. The Java Heap base address is the
#     maximum limit for the native heap growth. Please use -XX:HeapBaseMinAddress
#     to set the Java Heap base and to place the Java Heap above 4GB virtual address.
# This output file may be truncated or incomplete.
#
#  Out of Memory Error (arena.cpp:168), pid=28524, tid=30264
#
# JRE version: OpenJDK Runtime Environment Temurin-21.0.6+7 (21.0.6+7) (build 21.0.6+7-LTS)
# Java VM: OpenJDK 64-Bit Server VM Temurin-21.0.6+7 (21.0.6+7-LTS, mixed mode, sharing, tiered, compressed oops, compressed class ptrs, parallel gc, windows-amd64)
# No core dump will be written. Minidumps are not enabled by default on client versions of Windows
#

---------------  S U M M A R Y ------------

Command Line: --add-modules=ALL-SYSTEM --add-opens=java.base/java.util=ALL-UNNAMED --add-opens=java.base/java.lang=ALL-UNNAMED --add-opens=java.base/sun.nio.fs=ALL-UNNAMED -Declipse.application=org.eclipse.jdt.ls.core.id1 -Dosgi.bundles.defaultStartLevel=4 -Declipse.product=org.eclipse.jdt.ls.core.product -Djava.import.generatesMetadataFilesAtProjectRoot=false -DDetectVMInstallationsJob.disabled=true -Dfile.encoding=utf8 -XX:+UseParallelGC -XX:GCTimeRatio=4 -XX:AdaptiveSizePolicyWeight=90 -Dsun.zip.disableMemoryMapping=true -Xmx1G -Xms100m -Xlog:disable -javaagent:c:\Users\saite\.vscode\extensions\redhat.java-1.41.1-win32-x64\lombok\lombok-1.18.36.jar -XX:+HeapDumpOnOutOfMemoryError -XX:HeapDumpPath=c:\Users\saite\AppData\Roaming\Code\User\workspaceStorage\0bf10946862b9d36d36292a07bf4ec31\redhat.java -Daether.dependencyCollector.impl=bf c:\Users\saite\.vscode\extensions\redhat.java-1.41.1-win32-x64\server\plugins\org.eclipse.equinox.launcher_1.7.0.v20250331-1702.jar -configuration c:\Users\saite\AppData\Roaming\Code\User\globalStorage\redhat.java\1.41.1\config_win -data c:\Users\saite\AppData\Roaming\Code\User\workspaceStorage\0bf10946862b9d36d36292a07bf4ec31\redhat.java\jdt_ws --pipe=\\.\pipe\lsp-cf71563a324fbcfff8faee68c8e6ba19-sock

Host: AMD Ryzen 7 4800H with Radeon Graphics         , 16 cores, 7G,  Windows 11 , 64 bit Build 26100 (10.0.26100.3624)
Time: Thu Apr  3 00:16:52 2025 India Standard Time elapsed time: 2284.442906 seconds (0d 0h 38m 4s)

---------------  T H R E A D  ---------------

Current thread (0x000002a1c290a9c0):  JavaThread "C2 CompilerThread1" daemon [_thread_in_native, id=30264, stack(0x000000db8f900000,0x000000db8fa00000) (1024K)]


Current CompileTask:
C2:2284484 10820   !   4       org.eclipse.jdt.internal.compiler.classfmt.ClassFileReader::<init> (2135 bytes)

Stack: [0x000000db8f900000,0x000000db8fa00000]
Native frames: (J=compiled Java code, j=interpreted, Vv=VM code, C=native code)
V  [jvm.dll+0x6cdee9]
V  [jvm.dll+0x8a83d1]
V  [jvm.dll+0x8aa8fe]
V  [jvm.dll+0x8aafe3]
V  [jvm.dll+0x27f706]
V  [jvm.dll+0xc500d]
V  [jvm.dll+0xc5543]
V  [jvm.dll+0x3b678c]
V  [jvm.dll+0x382935]
V  [jvm.dll+0x381d9a]
V  [jvm.dll+0x2479f0]
V  [jvm.dll+0x246fcf]
V  [jvm.dll+0x1c75ee]
V  [jvm.dll+0x25685a]
V  [jvm.dll+0x254dfa]
V  [jvm.dll+0x3f0256]
V  [jvm.dll+0x851f8b]
V  [jvm.dll+0x6cc5ed]
C  [ucrtbase.dll+0x37b0]
C  [KERNEL32.DLL+0x2e8d7]
C  [ntdll.dll+0xb14fc]


---------------  P R O C E S S  ---------------

Threads class SMR info:
_java_thread_list=0x000002a1c16d8bf0, length=64, elements={
0x000002a1e3163dc0, 0x000002a1e32073e0, 0x000002a1e3208730, 0x000002a1e320bee0,
0x000002a1e320cc60, 0x000002a1e320f6d0, 0x000002a1e32165a0, 0x000002a1e321e8b0,
0x000002a1f8a0e680, 0x000002a1f8aff990, 0x000002a1fa330620, 0x000002a1ff6a3fb0,
0x000002a1ff6608f0, 0x000002a1ff4abe40, 0x000002a1ff4ad8c0, 0x000002a1ff1a96e0,
0x000002a1ff5bf1c0, 0x000002a1ff7fa630, 0x000002a1ff7f7ed0, 0x000002a1ff7facc0,
0x000002a1ff7f9280, 0x000002a1ff7f9fa0, 0x000002a1c2e034f0, 0x000002a1c2e00700,
0x000002a1c2e01ab0, 0x000002a1c2e03b80, 0x000002a1c2e00d90, 0x000002a1c2e048a0,
0x000002a1c2e02140, 0x000002a1c2e01420, 0x000002a1c2e04f30, 0x000002a1c2e05c50,
0x000002a1c2e055c0, 0x000002a1c2e027d0, 0x000002a1c2e062e0, 0x000002a1c2e04210,
0x000002a1c2e02e60, 0x000002a1c2e07000, 0x000002a1c2e07d20, 0x000002a1c1a7d7d0,
0x000002a1c1a7de60, 0x000002a1c1a7ff30, 0x000002a1c1a80c50, 0x000002a1c1a7e4f0,
0x000002a1c2e07690, 0x000002a1ff7f8560, 0x000002a1ff7f8bf0, 0x000002a1ff7fb350,
0x000002a1c1a7f8a0, 0x000002a1c2671900, 0x000002a1c2673340, 0x000002a1c2670be0,
0x000002a1c2670550, 0x000002a1c2674060, 0x000002a1c2671270, 0x000002a1c2675410,
0x000002a1c26767c0, 0x000002a1c2676e50, 0x000002a1c2675aa0, 0x000002a1c2674d80,
0x000002a1c2676130, 0x000002a1c26774e0, 0x000002a1c2677b70, 0x000002a1c290a9c0
}

Java Threads: ( => current thread )
  0x000002a1e3163dc0 JavaThread "main"                              [_thread_blocked, id=26712, stack(0x000000db8ab00000,0x000000db8ac00000) (1024K)]
  0x000002a1e32073e0 JavaThread "Reference Handler"          daemon [_thread_blocked, id=6472, stack(0x000000db8af00000,0x000000db8b000000) (1024K)]
  0x000002a1e3208730 JavaThread "Finalizer"                  daemon [_thread_blocked, id=21740, stack(0x000000db8b000000,0x000000db8b100000) (1024K)]
  0x000002a1e320bee0 JavaThread "Signal Dispatcher"          daemon [_thread_blocked, id=7504, stack(0x000000db8b100000,0x000000db8b200000) (1024K)]
  0x000002a1e320cc60 JavaThread "Attach Listener"            daemon [_thread_blocked, id=20000, stack(0x000000db8b200000,0x000000db8b300000) (1024K)]
  0x000002a1e320f6d0 JavaThread "Service Thread"             daemon [_thread_blocked, id=6984, stack(0x000000db8b300000,0x000000db8b400000) (1024K)]
  0x000002a1e32165a0 JavaThread "Monitor Deflation Thread"   daemon [_thread_blocked, id=18560, stack(0x000000db8b400000,0x000000db8b500000) (1024K)]
  0x000002a1e321e8b0 JavaThread "C2 CompilerThread0"         daemon [_thread_blocked, id=28536, stack(0x000000db8b500000,0x000000db8b600000) (1024K)]
  0x000002a1f8a0e680 JavaThread "C1 CompilerThread0"         daemon [_thread_blocked, id=26728, stack(0x000000db8b600000,0x000000db8b700000) (1024K)]
  0x000002a1f8aff990 JavaThread "Common-Cleaner"             daemon [_thread_blocked, id=28188, stack(0x000000db8b700000,0x000000db8b800000) (1024K)]
  0x000002a1fa330620 JavaThread "Notification Thread"        daemon [_thread_blocked, id=9268, stack(0x000000db8bc00000,0x000000db8bd00000) (1024K)]
  0x000002a1ff6a3fb0 JavaThread "Active Thread: Equinox Container: 93f9787b-350f-40bc-ada7-bd16cd7aac95"        [_thread_blocked, id=18612, stack(0x000000db8c500000,0x000000db8c600000) (1024K)]
  0x000002a1ff6608f0 JavaThread "Refresh Thread: Equinox Container: 93f9787b-350f-40bc-ada7-bd16cd7aac95" daemon [_thread_blocked, id=22824, stack(0x000000db8ba00000,0x000000db8bb00000) (1024K)]
  0x000002a1ff4abe40 JavaThread "Framework Event Dispatcher: Equinox Container: 93f9787b-350f-40bc-ada7-bd16cd7aac95" daemon [_thread_blocked, id=26580, stack(0x000000db8bd00000,0x000000db8be00000) (1024K)]
  0x000002a1ff4ad8c0 JavaThread "Start Level: Equinox Container: 93f9787b-350f-40bc-ada7-bd16cd7aac95" daemon [_thread_blocked, id=16140, stack(0x000000db8be00000,0x000000db8bf00000) (1024K)]
  0x000002a1ff1a96e0 JavaThread "Bundle File Closer"         daemon [_thread_blocked, id=15884, stack(0x000000db8b900000,0x000000db8ba00000) (1024K)]
  0x000002a1ff5bf1c0 JavaThread "SCR Component Actor"        daemon [_thread_blocked, id=12324, stack(0x000000db8c700000,0x000000db8c800000) (1024K)]
  0x000002a1ff7fa630 JavaThread "Worker-JM"                         [_thread_blocked, id=20020, stack(0x000000db8d000000,0x000000db8d100000) (1024K)]
  0x000002a1ff7f7ed0 JavaThread "Java indexing"              daemon [_thread_blocked, id=16688, stack(0x000000db8d400000,0x000000db8d500000) (1024K)]
  0x000002a1ff7facc0 JavaThread "JNA Cleaner"                daemon [_thread_blocked, id=27144, stack(0x000000db8d500000,0x000000db8d600000) (1024K)]
  0x000002a1ff7f9280 JavaThread "Thread-2"                   daemon [_thread_in_native, id=24960, stack(0x000000db8da00000,0x000000db8db00000) (1024K)]
  0x000002a1ff7f9fa0 JavaThread "Thread-3"                   daemon [_thread_in_native, id=24780, stack(0x000000db8db00000,0x000000db8dc00000) (1024K)]
  0x000002a1c2e034f0 JavaThread "Thread-4"                   daemon [_thread_in_native, id=27872, stack(0x000000db8dc00000,0x000000db8dd00000) (1024K)]
  0x000002a1c2e00700 JavaThread "Thread-5"                   daemon [_thread_in_native, id=16444, stack(0x000000db8dd00000,0x000000db8de00000) (1024K)]
  0x000002a1c2e01ab0 JavaThread "Thread-6"                   daemon [_thread_in_native, id=6528, stack(0x000000db8de00000,0x000000db8df00000) (1024K)]
  0x000002a1c2e03b80 JavaThread "Thread-7"                   daemon [_thread_in_native, id=28052, stack(0x000000db8df00000,0x000000db8e000000) (1024K)]
  0x000002a1c2e00d90 JavaThread "Thread-8"                   daemon [_thread_in_native, id=4696, stack(0x000000db8e000000,0x000000db8e100000) (1024K)]
  0x000002a1c2e048a0 JavaThread "Thread-9"                   daemon [_thread_in_native, id=9740, stack(0x000000db8e100000,0x000000db8e200000) (1024K)]
  0x000002a1c2e02140 JavaThread "Thread-10"                  daemon [_thread_in_native, id=3076, stack(0x000000db8e200000,0x000000db8e300000) (1024K)]
  0x000002a1c2e01420 JavaThread "Thread-11"                  daemon [_thread_in_native, id=20772, stack(0x000000db8e300000,0x000000db8e400000) (1024K)]
  0x000002a1c2e04f30 JavaThread "Thread-12"                  daemon [_thread_in_native, id=28292, stack(0x000000db8e400000,0x000000db8e500000) (1024K)]
  0x000002a1c2e05c50 JavaThread "Thread-13"                  daemon [_thread_in_native, id=13692, stack(0x000000db8e500000,0x000000db8e600000) (1024K)]
  0x000002a1c2e055c0 JavaThread "Thread-14"                  daemon [_thread_in_native, id=10996, stack(0x000000db8e600000,0x000000db8e700000) (1024K)]
  0x000002a1c2e027d0 JavaThread "Thread-15"                  daemon [_thread_in_native, id=16404, stack(0x000000db8e700000,0x000000db8e800000) (1024K)]
  0x000002a1c2e062e0 JavaThread "Thread-16"                  daemon [_thread_in_native, id=27188, stack(0x000000db8e800000,0x000000db8e900000) (1024K)]
  0x000002a1c2e04210 JavaThread "Thread-17"                  daemon [_thread_in_native, id=2976, stack(0x000000db8e900000,0x000000db8ea00000) (1024K)]
  0x000002a1c2e02e60 JavaThread "Thread-18"                  daemon [_thread_in_native, id=28192, stack(0x000000db8ea00000,0x000000db8eb00000) (1024K)]
  0x000002a1c2e07000 JavaThread "pool-2-thread-1"                   [_thread_blocked, id=9132, stack(0x000000db8eb00000,0x000000db8ec00000) (1024K)]
  0x000002a1c2e07d20 JavaThread "WorkspaceEventsHandler"            [_thread_blocked, id=27744, stack(0x000000db8ee00000,0x000000db8ef00000) (1024K)]
  0x000002a1c1a7d7d0 JavaThread "pool-1-thread-1"                   [_thread_blocked, id=17356, stack(0x000000db8ef00000,0x000000db8f000000) (1024K)]
  0x000002a1c1a7de60 JavaThread "Worker-5"                          [_thread_blocked, id=16624, stack(0x000000db8f000000,0x000000db8f100000) (1024K)]
  0x000002a1c1a7ff30 JavaThread "Timer-0"                           [_thread_blocked, id=11316, stack(0x000000db8f200000,0x000000db8f300000) (1024K)]
  0x000002a1c1a80c50 JavaThread "Timer-1"                           [_thread_blocked, id=28068, stack(0x000000db8a800000,0x000000db8a900000) (1024K)]
  0x000002a1c1a7e4f0 JavaThread "Timer-2"                           [_thread_blocked, id=29152, stack(0x000000db8a900000,0x000000db8aa00000) (1024K)]
  0x000002a1c2e07690 JavaThread "Worker-7"                          [_thread_blocked, id=31004, stack(0x000000db8aa00000,0x000000db8ab00000) (1024K)]
  0x000002a1ff7f8560 JavaThread "Worker-8"                          [_thread_blocked, id=32004, stack(0x000000db8c800000,0x000000db8c900000) (1024K)]
  0x000002a1ff7f8bf0 JavaThread "Worker-9: Java indexing... "        [_thread_blocked, id=29848, stack(0x000000db8c900000,0x000000db8ca00000) (1024K)]
  0x000002a1ff7fb350 JavaThread "LocalFile Deleter"          daemon [_thread_blocked, id=31272, stack(0x000000db8ca00000,0x000000db8cb00000) (1024K)]
  0x000002a1c1a7f8a0 JavaThread "LocalFile Deleter"          daemon [_thread_blocked, id=10440, stack(0x000000db8cb00000,0x000000db8cc00000) (1024K)]
  0x000002a1c2671900 JavaThread "Compiler Source File Reader" daemon [_thread_blocked, id=3088, stack(0x000000db8d300000,0x000000db8d400000) (1024K)]
  0x000002a1c2673340 JavaThread "Compiler Processing Task"   daemon [_thread_blocked, id=31508, stack(0x000000db8cc00000,0x000000db8cd00000) (1024K)]
  0x000002a1c2670be0 JavaThread "LocalFile Deleter"          daemon [_thread_blocked, id=29840, stack(0x000000db8d200000,0x000000db8d300000) (1024K)]
  0x000002a1c2670550 JavaThread "Compiler Source File Reader" daemon [_thread_blocked, id=30124, stack(0x000000db8d600000,0x000000db8d700000) (1024K)]
  0x000002a1c2674060 JavaThread "Compiler Source File Reader" daemon [_thread_blocked, id=28708, stack(0x000000db8d700000,0x000000db8d800000) (1024K)]
  0x000002a1c2671270 JavaThread "Compiler Class File Writer" daemon [_thread_blocked, id=25660, stack(0x000000db8d800000,0x000000db8d900000) (1024K)]
  0x000002a1c2675410 JavaThread "Compiler Class File Writer" daemon [_thread_blocked, id=30816, stack(0x000000db8d900000,0x000000db8da00000) (1024K)]
  0x000002a1c26767c0 JavaThread "Worker-10"                         [_thread_blocked, id=15064, stack(0x000000db8f100000,0x000000db8f200000) (1024K)]
  0x000002a1c2676e50 JavaThread "Compiler Source File Reader" daemon [_thread_blocked, id=32500, stack(0x000000db8f300000,0x000000db8f400000) (1024K)]
  0x000002a1c2675aa0 JavaThread "Compiler Source File Reader" daemon [_thread_blocked, id=24400, stack(0x000000db8f400000,0x000000db8f500000) (1024K)]
  0x000002a1c2674d80 JavaThread "Compiler Source File Reader" daemon [_thread_blocked, id=13216, stack(0x000000db8f500000,0x000000db8f600000) (1024K)]
  0x000002a1c2676130 JavaThread "Compiler Source File Reader" daemon [_thread_blocked, id=32716, stack(0x000000db8f600000,0x000000db8f700000) (1024K)]
  0x000002a1c26774e0 JavaThread "Compiler Source File Reader" daemon [_thread_blocked, id=27056, stack(0x000000db8f700000,0x000000db8f800000) (1024K)]
  0x000002a1c2677b70 JavaThread "Compiler Source File Reader" daemon [_thread_blocked, id=16716, stack(0x000000db8f800000,0x000000db8f900000) (1024K)]
=>0x000002a1c290a9c0 JavaThread "C2 CompilerThread1"         daemon [_thread_in_native, id=30264, stack(0x000000db8f900000,0x000000db8fa00000) (1024K)]
Total: 64

Other Threads:
  0x000002a1f7531640 VMThread "VM Thread"                           [id=27420, stack(0x000000db8ae00000,0x000000db8af00000) (1024K)]
  0x000002a1f742ca00 WatcherThread "VM Periodic Task Thread"        [id=26648, stack(0x000000db8ad00000,0x000000db8ae00000) (1024K)]
  0x000002a1e3180df0 WorkerThread "GC Thread#0"                     [id=13200, stack(0x000000db8ac00000,0x000000db8ad00000) (1024K)]
  0x000002a1ff610010 WorkerThread "GC Thread#1"                     [id=18824, stack(0x000000db8bf00000,0x000000db8c000000) (1024K)]
  0x000002a1ff7b7560 WorkerThread "GC Thread#2"                     [id=15576, stack(0x000000db8c000000,0x000000db8c100000) (1024K)]
  0x000002a1ff35bf50 WorkerThread "GC Thread#3"                     [id=18468, stack(0x000000db8c100000,0x000000db8c200000) (1024K)]
  0x000002a1ff35c2f0 WorkerThread "GC Thread#4"                     [id=2516, stack(0x000000db8c200000,0x000000db8c300000) (1024K)]
  0x000002a1ff35c690 WorkerThread "GC Thread#5"                     [id=17008, stack(0x000000db8c300000,0x000000db8c400000) (1024K)]
  0x000002a1ff35d650 WorkerThread "GC Thread#6"                     [id=21080, stack(0x000000db8c400000,0x000000db8c500000) (1024K)]
  0x000002a1ff06fd00 WorkerThread "GC Thread#7"                     [id=27520, stack(0x000000db8bb00000,0x000000db8bc00000) (1024K)]
  0x000002a1ff644b20 WorkerThread "GC Thread#8"                     [id=27496, stack(0x000000db8b800000,0x000000db8b900000) (1024K)]
  0x000002a1ff6443e0 WorkerThread "GC Thread#9"                     [id=9656, stack(0x000000db8c600000,0x000000db8c700000) (1024K)]
  0x000002a1ff643900 WorkerThread "GC Thread#10"                    [id=8540, stack(0x000000db8cd00000,0x000000db8ce00000) (1024K)]
  0x000002a1ff643ca0 WorkerThread "GC Thread#11"                    [id=8256, stack(0x000000db8ce00000,0x000000db8cf00000) (1024K)]
  0x000002a1f8a744d0 WorkerThread "GC Thread#12"                    [id=17084, stack(0x000000db8cf00000,0x000000db8d000000) (1024K)]
Total: 15

Threads with active compile tasks:
C2 CompilerThread1  2289396 10820   !   4       org.eclipse.jdt.internal.compiler.classfmt.ClassFileReader::<init> (2135 bytes)
Total: 1

VM state: not at safepoint (normal execution)

VM Mutex/Monitor currently owned by a thread:  ([mutex/lock_event])
[0x00007ffd1801e300] CompiledMethod_lock - owner thread: 0x0000000000000000

Heap address: 0x00000000c0000000, size: 1024 MB, Compressed Oops mode: 32-bit

CDS archive(s) mapped at: [0x000002a180000000-0x000002a180ba0000-0x000002a180ba0000), size 12189696, SharedBaseAddress: 0x000002a180000000, ArchiveRelocationMode: 1.
Compressed class space mapped at: 0x000002a181000000-0x000002a1c1000000, reserved size: 1073741824
Narrow klass base: 0x000002a180000000, Narrow klass shift: 0, Narrow klass range: 0x100000000

GC Precious Log:
 CardTable entry size: 512
 CPUs: 16 total, 16 available
 Memory: 7599M
 Large Page Support: Disabled
 NUMA Support: Disabled
 Compressed Oops: Enabled (32-bit)
 Alignments: Space 512K, Generation 512K, Heap 2M
 Heap Min Capacity: 100M
 Heap Initial Capacity: 100M
 Heap Max Capacity: 1G
 Pre-touch: Disabled
 Parallel Workers: 13

Heap:
 PSYoungGen      total 12800K, used 4299K [0x00000000eab00000, 0x00000000ebc00000, 0x0000000100000000)
  eden space 9216K, 11% used [0x00000000eab00000,0x00000000eac10140,0x00000000eb400000)
  from space 3584K, 89% used [0x00000000eb780000,0x00000000ebaa4e90,0x00000000ebb00000)
  to   space 3584K, 0% used [0x00000000eb400000,0x00000000eb400000,0x00000000eb780000)
 ParOldGen       total 699392K, used 305366K [0x00000000c0000000, 0x00000000eab00000, 0x00000000eab00000)
  object space 699392K, 43% used [0x00000000c0000000,0x00000000d2a35990,0x00000000eab00000)
 Metaspace       used 65350K, committed 66560K, reserved 1114112K
  class space    used 6869K, committed 7424K, reserved 1048576K

Card table byte_map: [0x000002a1e2b00000,0x000002a1e2d10000] _byte_map_base: 0x000002a1e2500000

Marking Bits: (ParMarkBitMap*) 0x00007ffd18023260
 Begin Bits: [0x000002a1f5350000, 0x000002a1f6350000)
 End Bits:   [0x000002a1f6350000, 0x000002a1f7350000)

Polling page: 0x000002a1e1020000

Metaspace:

Usage:
  Non-class:     57.11 MB used.
      Class:      6.71 MB used.
       Both:     63.82 MB used.

Virtual space:
  Non-class space:       64.00 MB reserved,      57.75 MB ( 90%) committed,  1 nodes.
      Class space:        1.00 GB reserved,       7.25 MB ( <1%) committed,  1 nodes.
             Both:        1.06 GB reserved,      65.00 MB (  6%) committed. 

Chunk freelists:
   Non-Class:  6.17 MB
       Class:  8.58 MB
        Both:  14.75 MB

MaxMetaspaceSize: unlimited
CompressedClassSpaceSize: 1.00 GB
Initial GC threshold: 21.00 MB
Current GC threshold: 98.12 MB
CDS: on
 - commit_granule_bytes: 65536.
 - commit_granule_words: 8192.
 - virtual_space_node_default_size: 8388608.
 - enlarge_chunks_in_place: 1.
 - use_allocation_guard: 0.


Internal statistics:

num_allocs_failed_limit: 13.
num_arena_births: 978.
num_arena_deaths: 226.
num_vsnodes_births: 2.
num_vsnodes_deaths: 0.
num_space_committed: 1040.
num_space_uncommitted: 0.
num_chunks_returned_to_freelist: 263.
num_chunks_taken_from_freelist: 3828.
num_chunk_merges: 67.
num_chunk_splits: 2307.
num_chunks_enlarged: 1399.
num_inconsistent_stats: 0.

CodeHeap 'non-profiled nmethods': size=119168Kb used=7398Kb max_used=7398Kb free=111769Kb
 bounds [0x000002a1edef0000, 0x000002a1ee630000, 0x000002a1f5350000]
CodeHeap 'profiled nmethods': size=119104Kb used=21534Kb max_used=21534Kb free=97569Kb
 bounds [0x000002a1e6350000, 0x000002a1e7860000, 0x000002a1ed7a0000]
CodeHeap 'non-nmethods': size=7488Kb used=1469Kb max_used=3191Kb free=6018Kb
 bounds [0x000002a1ed7a0000, 0x000002a1edad0000, 0x000002a1edef0000]
 total_blobs=10777 nmethods=9990 adapters=693
 compilation: enabled
              stopped_count=0, restarted_count=0
 full_count=0

Compilation events (20 events):
Event: 2280.418 Thread 0x000002a1c290a9c0 10815       4       jdk.internal.jrtfs.JrtDirectoryStream::<init> (39 bytes)
Event: 2280.419 Thread 0x000002a1c290a9c0 nmethod 10815 0x000002a1ee61f310 code [0x000002a1ee61f4c0, 0x000002a1ee61f628]
Event: 2280.420 Thread 0x000002a1e321e8b0 nmethod 10814 0x000002a1ee61f810 code [0x000002a1ee61f9c0, 0x000002a1ee61fbc8]
Event: 2280.527 Thread 0x000002a1c290a9c0 10816       4       java.io.ByteArrayInputStream::<init> (26 bytes)
Event: 2280.527 Thread 0x000002a1c290a9c0 nmethod 10816 0x000002a1ee61fe90 code [0x000002a1ee620020, 0x000002a1ee6200e8]
Event: 2280.572 Thread 0x000002a1c290a9c0 10817  s!   4       jdk.internal.jrtfs.JrtDirectoryStream::iterator (76 bytes)
Event: 2280.572 Thread 0x000002a1e321e8b0 10818       4       jdk.internal.jrtfs.JrtFileSystem::iteratorOf (98 bytes)
Event: 2280.581 Thread 0x000002a1e321e8b0 nmethod 10818 0x000002a1ee620190 code [0x000002a1ee6203e0, 0x000002a1ee620d98]
Event: 2280.583 Thread 0x000002a1c290a9c0 nmethod 10817 0x000002a1ee621690 code [0x000002a1ee621900, 0x000002a1ee6226b8]
Event: 2280.641 Thread 0x000002a1c290a9c0 10819       4       org.eclipse.jdt.internal.compiler.classfmt.InnerClassInfo::getEnclosingTypeName (76 bytes)
Event: 2280.645 Thread 0x000002a1c290a9c0 nmethod 10819 0x000002a1ee623190 code [0x000002a1ee6233a0, 0x000002a1ee623848]
Event: 2280.659 Thread 0x000002a1c290a9c0 10820   !   4       org.eclipse.jdt.internal.compiler.classfmt.ClassFileReader::<init> (2135 bytes)
Event: 2281.686 Thread 0x000002a1e321e8b0 10821       4       java.nio.channels.Channels::newChannel (33 bytes)
Event: 2281.689 Thread 0x000002a1e321e8b0 nmethod 10821 0x000002a1ee623d90 code [0x000002a1ee623f40, 0x000002a1ee624200]
Event: 2281.690 Thread 0x000002a1e321e8b0 10822       4       jdk.internal.jrtfs.JrtFileSystem$1::<init> (25 bytes)
Event: 2281.690 Thread 0x000002a1e321e8b0 nmethod 10822 0x000002a1ee624410 code [0x000002a1ee6245a0, 0x000002a1ee624650]
Event: 2281.699 Thread 0x000002a1e321e8b0 10823       4       org.eclipse.jdt.internal.compiler.classfmt.InnerClassInfo::<init> (55 bytes)
Event: 2281.700 Thread 0x000002a1e321e8b0 nmethod 10823 0x000002a1ee624710 code [0x000002a1ee6248a0, 0x000002a1ee624a20]
Event: 2281.763 Thread 0x000002a1e321e8b0 10824       4       org.eclipse.jdt.internal.compiler.classfmt.MethodInfo::getGenericSignature (49 bytes)
Event: 2281.766 Thread 0x000002a1e321e8b0 nmethod 10824 0x000002a1ee624b90 code [0x000002a1ee624d80, 0x000002a1ee625130]

GC Heap History (20 events):
Event: 2280.473 GC heap before
{Heap before GC invocations=268 (full 3):
 PSYoungGen      total 4096K, used 3844K [0x00000000eab00000, 0x00000000eb000000, 0x0000000100000000)
  eden space 3072K, 100% used [0x00000000eab00000,0x00000000eae00000,0x00000000eae00000)
  from space 1024K, 75% used [0x00000000eaf00000,0x00000000eafc1120,0x00000000eb000000)
  to   space 1024K, 0% used [0x00000000eae00000,0x00000000eae00000,0x00000000eaf00000)
 ParOldGen       total 284672K, used 284171K [0x00000000c0000000, 0x00000000d1600000, 0x00000000eab00000)
  object space 284672K, 99% used [0x00000000c0000000,0x00000000d1582c90,0x00000000d1600000)
 Metaspace       used 65350K, committed 66560K, reserved 1114112K
  class space    used 6869K, committed 7424K, reserved 1048576K
}
Event: 2280.474 GC heap after
{Heap after GC invocations=268 (full 3):
 PSYoungGen      total 4096K, used 918K [0x00000000eab00000, 0x00000000eb000000, 0x0000000100000000)
  eden space 3072K, 0% used [0x00000000eab00000,0x00000000eab00000,0x00000000eae00000)
  from space 1024K, 89% used [0x00000000eae00000,0x00000000eaee5b48,0x00000000eaf00000)
  to   space 1024K, 0% used [0x00000000eaf00000,0x00000000eaf00000,0x00000000eb000000)
 ParOldGen       total 285184K, used 284776K [0x00000000c0000000, 0x00000000d1680000, 0x00000000eab00000)
  object space 285184K, 99% used [0x00000000c0000000,0x00000000d161a038,0x00000000d1680000)
 Metaspace       used 65350K, committed 66560K, reserved 1114112K
  class space    used 6869K, committed 7424K, reserved 1048576K
}
Event: 2280.571 GC heap before
{Heap before GC invocations=269 (full 3):
 PSYoungGen      total 4096K, used 3990K [0x00000000eab00000, 0x00000000eb000000, 0x0000000100000000)
  eden space 3072K, 100% used [0x00000000eab00000,0x00000000eae00000,0x00000000eae00000)
  from space 1024K, 89% used [0x00000000eae00000,0x00000000eaee5b48,0x00000000eaf00000)
  to   space 1024K, 0% used [0x00000000eaf00000,0x00000000eaf00000,0x00000000eb000000)
 ParOldGen       total 285184K, used 284776K [0x00000000c0000000, 0x00000000d1680000, 0x00000000eab00000)
  object space 285184K, 99% used [0x00000000c0000000,0x00000000d161a038,0x00000000d1680000)
 Metaspace       used 65350K, committed 66560K, reserved 1114112K
  class space    used 6869K, committed 7424K, reserved 1048576K
}
Event: 2280.572 GC heap after
{Heap after GC invocations=269 (full 3):
 PSYoungGen      total 4096K, used 947K [0x00000000eab00000, 0x00000000eb000000, 0x0000000100000000)
  eden space 3072K, 0% used [0x00000000eab00000,0x00000000eab00000,0x00000000eae00000)
  from space 1024K, 92% used [0x00000000eaf00000,0x00000000eafece08,0x00000000eb000000)
  to   space 1024K, 0% used [0x00000000eae00000,0x00000000eae00000,0x00000000eaf00000)
 ParOldGen       total 285696K, used 285517K [0x00000000c0000000, 0x00000000d1700000, 0x00000000eab00000)
  object space 285696K, 99% used [0x00000000c0000000,0x00000000d16d36b0,0x00000000d1700000)
 Metaspace       used 65350K, committed 66560K, reserved 1114112K
  class space    used 6869K, committed 7424K, reserved 1048576K
}
Event: 2280.677 GC heap before
{Heap before GC invocations=270 (full 3):
 PSYoungGen      total 4096K, used 3848K [0x00000000eab00000, 0x00000000eb000000, 0x0000000100000000)
  eden space 3072K, 94% used [0x00000000eab00000,0x00000000eadd54e0,0x00000000eae00000)
  from space 1024K, 92% used [0x00000000eaf00000,0x00000000eafece08,0x00000000eb000000)
  to   space 1024K, 0% used [0x00000000eae00000,0x00000000eae00000,0x00000000eaf00000)
 ParOldGen       total 285696K, used 285517K [0x00000000c0000000, 0x00000000d1700000, 0x00000000eab00000)
  object space 285696K, 99% used [0x00000000c0000000,0x00000000d16d36b0,0x00000000d1700000)
 Metaspace       used 65350K, committed 66560K, reserved 1114112K
  class space    used 6869K, committed 7424K, reserved 1048576K
}
Event: 2281.680 GC heap after
{Heap after GC invocations=270 (full 3):
 PSYoungGen      total 4096K, used 1016K [0x00000000eab00000, 0x00000000eb200000, 0x0000000100000000)
  eden space 3072K, 0% used [0x00000000eab00000,0x00000000eab00000,0x00000000eae00000)
  from space 1024K, 99% used [0x00000000eae00000,0x00000000eaefe1b0,0x00000000eaf00000)
  to   space 1536K, 0% used [0x00000000eb080000,0x00000000eb080000,0x00000000eb200000)
 ParOldGen       total 286720K, used 286315K [0x00000000c0000000, 0x00000000d1800000, 0x00000000eab00000)
  object space 286720K, 99% used [0x00000000c0000000,0x00000000d179ac50,0x00000000d1800000)
 Metaspace       used 65350K, committed 66560K, reserved 1114112K
  class space    used 6869K, committed 7424K, reserved 1048576K
}
Event: 2281.696 GC heap before
{Heap before GC invocations=271 (full 3):
 PSYoungGen      total 4096K, used 4088K [0x00000000eab00000, 0x00000000eb200000, 0x0000000100000000)
  eden space 3072K, 100% used [0x00000000eab00000,0x00000000eae00000,0x00000000eae00000)
  from space 1024K, 99% used [0x00000000eae00000,0x00000000eaefe1b0,0x00000000eaf00000)
  to   space 1536K, 0% used [0x00000000eb080000,0x00000000eb080000,0x00000000eb200000)
 ParOldGen       total 286720K, used 286315K [0x00000000c0000000, 0x00000000d1800000, 0x00000000eab00000)
  object space 286720K, 99% used [0x00000000c0000000,0x00000000d179ac50,0x00000000d1800000)
 Metaspace       used 65350K, committed 66560K, reserved 1114112K
  class space    used 6869K, committed 7424K, reserved 1048576K
}
Event: 2281.697 GC heap after
{Heap after GC invocations=271 (full 3):
 PSYoungGen      total 5632K, used 1212K [0x00000000eab00000, 0x00000000eb200000, 0x0000000100000000)
  eden space 4096K, 0% used [0x00000000eab00000,0x00000000eab00000,0x00000000eaf00000)
  from space 1536K, 78% used [0x00000000eb080000,0x00000000eb1af158,0x00000000eb200000)
  to   space 1536K, 0% used [0x00000000eaf00000,0x00000000eaf00000,0x00000000eb080000)
 ParOldGen       total 287232K, used 287140K [0x00000000c0000000, 0x00000000d1880000, 0x00000000eab00000)
  object space 287232K, 99% used [0x00000000c0000000,0x00000000d18693a8,0x00000000d1880000)
 Metaspace       used 65350K, committed 66560K, reserved 1114112K
  class space    used 6869K, committed 7424K, reserved 1048576K
}
Event: 2281.715 GC heap before
{Heap before GC invocations=272 (full 3):
 PSYoungGen      total 5632K, used 5308K [0x00000000eab00000, 0x00000000eb200000, 0x0000000100000000)
  eden space 4096K, 100% used [0x00000000eab00000,0x00000000eaf00000,0x00000000eaf00000)
  from space 1536K, 78% used [0x00000000eb080000,0x00000000eb1af158,0x00000000eb200000)
  to   space 1536K, 0% used [0x00000000eaf00000,0x00000000eaf00000,0x00000000eb080000)
 ParOldGen       total 287232K, used 287140K [0x00000000c0000000, 0x00000000d1880000, 0x00000000eab00000)
  object space 287232K, 99% used [0x00000000c0000000,0x00000000d18693a8,0x00000000d1880000)
 Metaspace       used 65350K, committed 66560K, reserved 1114112K
  class space    used 6869K, committed 7424K, reserved 1048576K
}
Event: 2281.717 GC heap after
{Heap after GC invocations=272 (full 3):
 PSYoungGen      total 5632K, used 1507K [0x00000000eab00000, 0x00000000eb600000, 0x0000000100000000)
  eden space 4096K, 0% used [0x00000000eab00000,0x00000000eab00000,0x00000000eaf00000)
  from space 1536K, 98% used [0x00000000eaf00000,0x00000000eb078d20,0x00000000eb080000)
  to   space 3072K, 0% used [0x00000000eb300000,0x00000000eb300000,0x00000000eb600000)
 ParOldGen       total 288256K, used 288183K [0x00000000c0000000, 0x00000000d1980000, 0x00000000eab00000)
  object space 288256K, 99% used [0x00000000c0000000,0x00000000d196de18,0x00000000d1980000)
 Metaspace       used 65350K, committed 66560K, reserved 1114112K
  class space    used 6869K, committed 7424K, reserved 1048576K
}
Event: 2281.733 GC heap before
{Heap before GC invocations=273 (full 3):
 PSYoungGen      total 5632K, used 5603K [0x00000000eab00000, 0x00000000eb600000, 0x0000000100000000)
  eden space 4096K, 100% used [0x00000000eab00000,0x00000000eaf00000,0x00000000eaf00000)
  from space 1536K, 98% used [0x00000000eaf00000,0x00000000eb078d20,0x00000000eb080000)
  to   space 3072K, 0% used [0x00000000eb300000,0x00000000eb300000,0x00000000eb600000)
 ParOldGen       total 288256K, used 288183K [0x00000000c0000000, 0x00000000d1980000, 0x00000000eab00000)
  object space 288256K, 99% used [0x00000000c0000000,0x00000000d196de18,0x00000000d1980000)
 Metaspace       used 65350K, committed 66560K, reserved 1114112K
  class space    used 6869K, committed 7424K, reserved 1048576K
}
Event: 2281.735 GC heap after
{Heap after GC invocations=273 (full 3):
 PSYoungGen      total 6656K, used 1198K [0x00000000eab00000, 0x00000000eb480000, 0x0000000100000000)
  eden space 5120K, 0% used [0x00000000eab00000,0x00000000eab00000,0x00000000eb000000)
  from space 1536K, 78% used [0x00000000eb300000,0x00000000eb42b928,0x00000000eb480000)
  to   space 2048K, 0% used [0x00000000eb080000,0x00000000eb080000,0x00000000eb280000)
 ParOldGen       total 289792K, used 289527K [0x00000000c0000000, 0x00000000d1b00000, 0x00000000eab00000)
  object space 289792K, 99% used [0x00000000c0000000,0x00000000d1abdfc0,0x00000000d1b00000)
 Metaspace       used 65350K, committed 66560K, reserved 1114112K
  class space    used 6869K, committed 7424K, reserved 1048576K
}
Event: 2281.758 GC heap before
{Heap before GC invocations=274 (full 3):
 PSYoungGen      total 6656K, used 6318K [0x00000000eab00000, 0x00000000eb480000, 0x0000000100000000)
  eden space 5120K, 100% used [0x00000000eab00000,0x00000000eb000000,0x00000000eb000000)
  from space 1536K, 78% used [0x00000000eb300000,0x00000000eb42b928,0x00000000eb480000)
  to   space 2048K, 0% used [0x00000000eb080000,0x00000000eb080000,0x00000000eb280000)
 ParOldGen       total 289792K, used 289527K [0x00000000c0000000, 0x00000000d1b00000, 0x00000000eab00000)
  object space 289792K, 99% used [0x00000000c0000000,0x00000000d1abdfc0,0x00000000d1b00000)
 Metaspace       used 65350K, committed 66560K, reserved 1114112K
  class space    used 6869K, committed 7424K, reserved 1048576K
}
Event: 2281.760 GC heap after
{Heap after GC invocations=274 (full 3):
 PSYoungGen      total 6656K, used 1354K [0x00000000eab00000, 0x00000000eb380000, 0x0000000100000000)
  eden space 5120K, 0% used [0x00000000eab00000,0x00000000eab00000,0x00000000eb000000)
  from space 1536K, 88% used [0x00000000eb080000,0x00000000eb1d2950,0x00000000eb200000)
  to   space 1536K, 0% used [0x00000000eb200000,0x00000000eb200000,0x00000000eb380000)
 ParOldGen       total 290816K, used 290570K [0x00000000c0000000, 0x00000000d1c00000, 0x00000000eab00000)
  object space 290816K, 99% used [0x00000000c0000000,0x00000000d1bc2ad8,0x00000000d1c00000)
 Metaspace       used 65350K, committed 66560K, reserved 1114112K
  class space    used 6869K, committed 7424K, reserved 1048576K
}
Event: 2281.785 GC heap before
{Heap before GC invocations=275 (full 3):
 PSYoungGen      total 6656K, used 6468K [0x00000000eab00000, 0x00000000eb380000, 0x0000000100000000)
  eden space 5120K, 99% used [0x00000000eab00000,0x00000000eaffea90,0x00000000eb000000)
  from space 1536K, 88% used [0x00000000eb080000,0x00000000eb1d2950,0x00000000eb200000)
  to   space 1536K, 0% used [0x00000000eb200000,0x00000000eb200000,0x00000000eb380000)
 ParOldGen       total 290816K, used 290570K [0x00000000c0000000, 0x00000000d1c00000, 0x00000000eab00000)
  object space 290816K, 99% used [0x00000000c0000000,0x00000000d1bc2ad8,0x00000000d1c00000)
 Metaspace       used 65350K, committed 66560K, reserved 1114112K
  class space    used 6869K, committed 7424K, reserved 1048576K
}
Event: 2281.789 GC heap after
{Heap after GC invocations=275 (full 3):
 PSYoungGen      total 5632K, used 1504K [0x00000000eab00000, 0x00000000eb600000, 0x0000000100000000)
  eden space 4096K, 0% used [0x00000000eab00000,0x00000000eab00000,0x00000000eaf00000)
  from space 1536K, 97% used [0x00000000eb200000,0x00000000eb378010,0x00000000eb380000)
  to   space 3072K, 0% used [0x00000000eaf00000,0x00000000eaf00000,0x00000000eb200000)
 ParOldGen       total 291840K, used 291794K [0x00000000c0000000, 0x00000000d1d00000, 0x00000000eab00000)
  object space 291840K, 99% used [0x00000000c0000000,0x00000000d1cf4a90,0x00000000d1d00000)
 Metaspace       used 65350K, committed 66560K, reserved 1114112K
  class space    used 6869K, committed 7424K, reserved 1048576K
}
Event: 2281.805 GC heap before
{Heap before GC invocations=276 (full 3):
 PSYoungGen      total 5632K, used 5600K [0x00000000eab00000, 0x00000000eb600000, 0x0000000100000000)
  eden space 4096K, 100% used [0x00000000eab00000,0x00000000eaf00000,0x00000000eaf00000)
  from space 1536K, 97% used [0x00000000eb200000,0x00000000eb378010,0x00000000eb380000)
  to   space 3072K, 0% used [0x00000000eaf00000,0x00000000eaf00000,0x00000000eb200000)
 ParOldGen       total 291840K, used 291794K [0x00000000c0000000, 0x00000000d1d00000, 0x00000000eab00000)
  object space 291840K, 99% used [0x00000000c0000000,0x00000000d1cf4a90,0x00000000d1d00000)
 Metaspace       used 65350K, committed 66560K, reserved 1114112K
  class space    used 6869K, committed 7424K, reserved 1048576K
}
Event: 2282.808 GC heap after
{Heap after GC invocations=276 (full 3):
 PSYoungGen      total 7168K, used 1319K [0x00000000eab00000, 0x00000000eb400000, 0x0000000100000000)
  eden space 4096K, 0% used [0x00000000eab00000,0x00000000eab00000,0x00000000eaf00000)
  from space 3072K, 42% used [0x00000000eaf00000,0x00000000eb049ec0,0x00000000eb200000)
  to   space 2048K, 0% used [0x00000000eb200000,0x00000000eb200000,0x00000000eb400000)
 ParOldGen       total 293376K, used 293215K [0x00000000c0000000, 0x00000000d1e80000, 0x00000000eab00000)
  object space 293376K, 99% used [0x00000000c0000000,0x00000000d1e57cb8,0x00000000d1e80000)
 Metaspace       used 65350K, committed 66560K, reserved 1114112K
  class space    used 6869K, committed 7424K, reserved 1048576K
}
Event: 2283.056 GC heap before
{Heap before GC invocations=277 (full 3):
 PSYoungGen      total 7168K, used 5415K [0x00000000eab00000, 0x00000000eb400000, 0x0000000100000000)
  eden space 4096K, 100% used [0x00000000eab00000,0x00000000eaf00000,0x00000000eaf00000)
  from space 3072K, 42% used [0x00000000eaf00000,0x00000000eb049ec0,0x00000000eb200000)
  to   space 2048K, 0% used [0x00000000eb200000,0x00000000eb200000,0x00000000eb400000)
 ParOldGen       total 293376K, used 293215K [0x00000000c0000000, 0x00000000d1e80000, 0x00000000eab00000)
  object space 293376K, 99% used [0x00000000c0000000,0x00000000d1e57cb8,0x00000000d1e80000)
 Metaspace       used 65350K, committed 66560K, reserved 1114112K
  class space    used 6869K, committed 7424K, reserved 1048576K
}
Event: 2283.835 GC heap after
{Heap after GC invocations=277 (full 3):
 PSYoungGen      total 7168K, used 1553K [0x00000000eab00000, 0x00000000eb400000, 0x0000000100000000)
  eden space 5120K, 0% used [0x00000000eab00000,0x00000000eab00000,0x00000000eb000000)
  from space 2048K, 75% used [0x00000000eb200000,0x00000000eb3847c0,0x00000000eb400000)
  to   space 2048K, 0% used [0x00000000eb000000,0x00000000eb000000,0x00000000eb200000)
 ParOldGen       total 294400K, used 294323K [0x00000000c0000000, 0x00000000d1f80000, 0x00000000eab00000)
  object space 294400K, 99% used [0x00000000c0000000,0x00000000d1f6cea8,0x00000000d1f80000)
 Metaspace       used 65350K, committed 66560K, reserved 1114112K
  class space    used 6869K, committed 7424K, reserved 1048576K
}

Dll operation events (14 events):
Event: 0.726 Loaded shared library c:\Users\saite\.vscode\extensions\redhat.java-1.41.1-win32-x64\jre\21.0.6-win32-x86_64\bin\java.dll
Event: 0.807 Loaded shared library c:\Users\saite\.vscode\extensions\redhat.java-1.41.1-win32-x64\jre\21.0.6-win32-x86_64\bin\zip.dll
Event: 0.833 Loaded shared library C:\Users\saite\.vscode\extensions\redhat.java-1.41.1-win32-x64\jre\21.0.6-win32-x86_64\bin\instrument.dll
Event: 0.841 Loaded shared library C:\Users\saite\.vscode\extensions\redhat.java-1.41.1-win32-x64\jre\21.0.6-win32-x86_64\bin\net.dll
Event: 0.844 Loaded shared library C:\Users\saite\.vscode\extensions\redhat.java-1.41.1-win32-x64\jre\21.0.6-win32-x86_64\bin\nio.dll
Event: 0.848 Loaded shared library C:\Users\saite\.vscode\extensions\redhat.java-1.41.1-win32-x64\jre\21.0.6-win32-x86_64\bin\zip.dll
Event: 0.871 Loaded shared library C:\Users\saite\.vscode\extensions\redhat.java-1.41.1-win32-x64\jre\21.0.6-win32-x86_64\bin\jimage.dll
Event: 0.960 Loaded shared library c:\Users\saite\.vscode\extensions\redhat.java-1.41.1-win32-x64\jre\21.0.6-win32-x86_64\bin\verify.dll
Event: 5.064 Loaded shared library C:\Users\saite\AppData\Roaming\Code\User\globalStorage\redhat.java\1.41.1\config_win\org.eclipse.equinox.launcher\org.eclipse.equinox.launcher.win32.win32.x86_64_1.2.1300.v20250331-1702\eclipse_11911.dll
Event: 13.115 Loaded shared library C:\Users\saite\.vscode\extensions\redhat.java-1.41.1-win32-x64\jre\21.0.6-win32-x86_64\bin\management.dll
Event: 13.118 Loaded shared library C:\Users\saite\.vscode\extensions\redhat.java-1.41.1-win32-x64\jre\21.0.6-win32-x86_64\bin\management_ext.dll
Event: 14.125 Loaded shared library C:\Users\saite\AppData\Local\Temp\jna-109199244\jna9919973792105154151.dll
Event: 14.233 Loaded shared library C:\Users\saite\.vscode\extensions\redhat.java-1.41.1-win32-x64\jre\21.0.6-win32-x86_64\bin\sunmscapi.dll
Event: 14.508 Loaded shared library C:\Users\saite\.vscode\extensions\redhat.java-1.41.1-win32-x64\jre\21.0.6-win32-x86_64\bin\extnet.dll

Deoptimization events (20 events):
Event: 2281.794 Thread 0x000002a1ff7f7ed0 DEOPT PACKING pc=0x000002a1e784f32a sp=0x000000db8d4fe830
Event: 2281.794 Thread 0x000002a1ff7f7ed0 DEOPT UNPACKING pc=0x000002a1ed7f4242 sp=0x000000db8d4fddb8 mode 0
Event: 2281.798 Thread 0x000002a1ff7f7ed0 DEOPT PACKING pc=0x000002a1e784f32a sp=0x000000db8d4fe830
Event: 2281.798 Thread 0x000002a1ff7f7ed0 DEOPT UNPACKING pc=0x000002a1ed7f4242 sp=0x000000db8d4fddb8 mode 0
Event: 2281.800 Thread 0x000002a1ff7f7ed0 DEOPT PACKING pc=0x000002a1e784f32a sp=0x000000db8d4fe830
Event: 2281.800 Thread 0x000002a1ff7f7ed0 DEOPT UNPACKING pc=0x000002a1ed7f4242 sp=0x000000db8d4fddb8 mode 0
Event: 2281.803 Thread 0x000002a1ff7f7ed0 DEOPT PACKING pc=0x000002a1e784f32a sp=0x000000db8d4fe830
Event: 2281.803 Thread 0x000002a1ff7f7ed0 DEOPT UNPACKING pc=0x000002a1ed7f4242 sp=0x000000db8d4fddb8 mode 0
Event: 2282.841 Thread 0x000002a1ff7f7ed0 DEOPT PACKING pc=0x000002a1e784f32a sp=0x000000db8d4fe830
Event: 2282.841 Thread 0x000002a1ff7f7ed0 DEOPT UNPACKING pc=0x000002a1ed7f4242 sp=0x000000db8d4fddb8 mode 0
Event: 2282.879 Thread 0x000002a1ff7f7ed0 DEOPT PACKING pc=0x000002a1e784f32a sp=0x000000db8d4fe830
Event: 2282.879 Thread 0x000002a1ff7f7ed0 DEOPT UNPACKING pc=0x000002a1ed7f4242 sp=0x000000db8d4fddb8 mode 0
Event: 2282.925 Thread 0x000002a1ff7f7ed0 DEOPT PACKING pc=0x000002a1e784f32a sp=0x000000db8d4fe830
Event: 2282.926 Thread 0x000002a1ff7f7ed0 DEOPT UNPACKING pc=0x000002a1ed7f4242 sp=0x000000db8d4fddb8 mode 0
Event: 2282.963 Thread 0x000002a1ff7f7ed0 DEOPT PACKING pc=0x000002a1e784f32a sp=0x000000db8d4fe830
Event: 2282.963 Thread 0x000002a1ff7f7ed0 DEOPT UNPACKING pc=0x000002a1ed7f4242 sp=0x000000db8d4fddb8 mode 0
Event: 2283.000 Thread 0x000002a1ff7f7ed0 DEOPT PACKING pc=0x000002a1e784f32a sp=0x000000db8d4fe830
Event: 2283.000 Thread 0x000002a1ff7f7ed0 DEOPT UNPACKING pc=0x000002a1ed7f4242 sp=0x000000db8d4fddb8 mode 0
Event: 2283.056 Thread 0x000002a1ff7f7ed0 DEOPT PACKING pc=0x000002a1e784f32a sp=0x000000db8d4fe830
Event: 2283.056 Thread 0x000002a1ff7f7ed0 DEOPT UNPACKING pc=0x000002a1ed7f4242 sp=0x000000db8d4fddb8 mode 0

Classes loaded (20 events):
Event: 2276.066 Loading class java/util/stream/IntPipeline
Event: 2276.067 Loading class java/util/stream/IntStream
Event: 2276.067 Loading class java/util/stream/IntStream done
Event: 2276.067 Loading class java/util/stream/IntPipeline done
Event: 2276.067 Loading class java/util/stream/IntPipeline$StatelessOp done
Event: 2276.067 Loading class java/util/stream/ReferencePipeline$4 done
Event: 2276.067 Loading class java/util/stream/Nodes$IntFixedNodeBuilder
Event: 2276.132 Loading class java/util/stream/Node$Builder$OfInt
Event: 2276.132 Loading class java/util/stream/Sink$OfInt
Event: 2276.195 Loading class java/util/stream/Sink$OfInt done
Event: 2276.195 Loading class java/util/stream/Node$Builder$OfInt done
Event: 2276.195 Loading class java/util/stream/Nodes$IntArrayNode
Event: 2276.195 Loading class java/util/stream/Nodes$IntArrayNode done
Event: 2276.195 Loading class java/util/stream/Nodes$IntFixedNodeBuilder done
Event: 2276.216 Loading class java/util/stream/ReferencePipeline$4$1
Event: 2276.216 Loading class java/util/stream/ReferencePipeline$4$1 done
Event: 2277.420 Loading class java/util/ArrayDeque$DeqSpliterator
Event: 2277.440 Loading class java/util/ArrayDeque$DeqSpliterator done
Event: 2277.444 Loading class java/util/concurrent/ConcurrentHashMap$KeySpliterator
Event: 2277.476 Loading class java/util/concurrent/ConcurrentHashMap$KeySpliterator done

Classes unloaded (20 events):
Event: 2258.672 Thread 0x000002a1f7531640 Unloading class 0x000002a181014800 'java/lang/invoke/LambdaForm$MH+0x000002a181014800'
Event: 2258.672 Thread 0x000002a1f7531640 Unloading class 0x000002a18100d800 'java/lang/invoke/LambdaForm$MH+0x000002a18100d800'
Event: 2258.672 Thread 0x000002a1f7531640 Unloading class 0x000002a18100d400 'java/lang/invoke/LambdaForm$MH+0x000002a18100d400'
Event: 2258.672 Thread 0x000002a1f7531640 Unloading class 0x000002a18100d000 'java/lang/invoke/LambdaForm$MH+0x000002a18100d000'
Event: 2258.672 Thread 0x000002a1f7531640 Unloading class 0x000002a18100cc00 'java/lang/invoke/LambdaForm$MH+0x000002a18100cc00'
Event: 2258.672 Thread 0x000002a1f7531640 Unloading class 0x000002a18100c800 'java/lang/invoke/LambdaForm$BMH+0x000002a18100c800'
Event: 2258.672 Thread 0x000002a1f7531640 Unloading class 0x000002a18100c000 'java/lang/invoke/LambdaForm$DMH+0x000002a18100c000'
Event: 2258.672 Thread 0x000002a1f7531640 Unloading class 0x000002a181008400 'java/lang/invoke/LambdaForm$MH+0x000002a181008400'
Event: 2258.672 Thread 0x000002a1f7531640 Unloading class 0x000002a181008000 'java/lang/invoke/LambdaForm$MH+0x000002a181008000'
Event: 2258.672 Thread 0x000002a1f7531640 Unloading class 0x000002a181007c00 'java/lang/invoke/LambdaForm$MH+0x000002a181007c00'
Event: 2258.672 Thread 0x000002a1f7531640 Unloading class 0x000002a181006800 'java/lang/invoke/LambdaForm$MH+0x000002a181006800'
Event: 2258.672 Thread 0x000002a1f7531640 Unloading class 0x000002a181006000 'java/lang/invoke/LambdaForm$MH+0x000002a181006000'
Event: 2258.672 Thread 0x000002a1f7531640 Unloading class 0x000002a181005c00 'java/lang/invoke/LambdaForm$MH+0x000002a181005c00'
Event: 2258.672 Thread 0x000002a1f7531640 Unloading class 0x000002a181005800 'java/lang/invoke/LambdaForm$MH+0x000002a181005800'
Event: 2258.672 Thread 0x000002a1f7531640 Unloading class 0x000002a181005400 'java/lang/invoke/LambdaForm$BMH+0x000002a181005400'
Event: 2258.672 Thread 0x000002a1f7531640 Unloading class 0x000002a181004000 'java/lang/invoke/LambdaForm$DMH+0x000002a181004000'
Event: 2258.672 Thread 0x000002a1f7531640 Unloading class 0x000002a181002800 'java/lang/invoke/LambdaForm$MH+0x000002a181002800'
Event: 2258.672 Thread 0x000002a1f7531640 Unloading class 0x000002a181002400 'java/lang/invoke/LambdaForm$MH+0x000002a181002400'
Event: 2258.672 Thread 0x000002a1f7531640 Unloading class 0x000002a181002000 'java/lang/invoke/LambdaForm$MH+0x000002a181002000'
Event: 2258.672 Thread 0x000002a1f7531640 Unloading class 0x000002a181001800 'java/lang/invoke/LambdaForm$MH+0x000002a181001800'

Classes redefined (0 events):
No events

Internal exceptions (20 events):
Event: 2272.041 Thread 0x000002a1ff7f7ed0 Implicit null exception at 0x000002a1ee4890eb to 0x000002a1ee48d5d0
Event: 2274.850 Thread 0x000002a1ff7f8560 Exception <a 'java/lang/NoSuchMethodError'{0x00000000eaf2a388}: 'int java.lang.invoke.DirectMethodHandle$Holder.invokeSpecialIFC(java.lang.Object, java.lang.Object, java.lang.Object)'> (0x00000000eaf2a388) 
thrown [s\src\hotspot\share\interpreter\linkResolver.cpp, line 773]
Event: 2274.908 Thread 0x000002a1ff7f8560 Implicit null exception at 0x000002a1ee578be3 to 0x000002a1ee579220
Event: 2275.603 Thread 0x000002a1c2e07d20 Exception <a 'sun/nio/fs/WindowsException'{0x00000000eacbff90}> (0x00000000eacbff90) 
thrown [s\src\hotspot\share\prims\jni.cpp, line 520]
Event: 2275.606 Thread 0x000002a1c2e07d20 Exception <a 'sun/nio/fs/WindowsException'{0x00000000eacde958}> (0x00000000eacde958) 
thrown [s\src\hotspot\share\prims\jni.cpp, line 520]
Event: 2275.744 Thread 0x000002a1c2e07690 Exception <a 'sun/nio/fs/WindowsException'{0x00000000eac5f6a0}> (0x00000000eac5f6a0) 
thrown [s\src\hotspot\share\prims\jni.cpp, line 520]
Event: 2275.745 Thread 0x000002a1c1a7f8a0 Exception <a 'sun/nio/fs/WindowsException'{0x00000000ead9a530}> (0x00000000ead9a530) 
thrown [s\src\hotspot\share\prims\jni.cpp, line 520]
Event: 2277.514 Thread 0x000002a1c2e07690 Exception <a 'java/lang/NoSuchMethodError'{0x00000000eab4cac0}: 'java.lang.Object java.lang.invoke.DirectMethodHandle$Holder.newInvokeSpecial(java.lang.Object, java.lang.Object, int, int, java.lang.Object)'> (0x00000000eab4cac0) 
thrown [s\src\hotspot\share\interpreter\linkResolver.cpp, line 773]
Event: 2277.758 Thread 0x000002a1c2e07690 Exception <a 'sun/nio/fs/WindowsException'{0x00000000eaca0c60}> (0x00000000eaca0c60) 
thrown [s\src\hotspot\share\prims\jni.cpp, line 520]
Event: 2277.803 Thread 0x000002a1c2e07690 Exception <a 'sun/nio/fs/WindowsException'{0x00000000eab999d8}> (0x00000000eab999d8) 
thrown [s\src\hotspot\share\prims\jni.cpp, line 520]
Event: 2277.886 Thread 0x000002a1c2e07d20 Exception <a 'sun/nio/fs/WindowsException'{0x00000000eacd48b0}> (0x00000000eacd48b0) 
thrown [s\src\hotspot\share\prims\jni.cpp, line 520]
Event: 2277.888 Thread 0x000002a1c2e07d20 Exception <a 'sun/nio/fs/WindowsException'{0x00000000eacf5f88}> (0x00000000eacf5f88) 
thrown [s\src\hotspot\share\prims\jni.cpp, line 520]
Event: 2278.047 Thread 0x000002a1c2e07d20 Exception <a 'sun/nio/fs/WindowsException'{0x00000000eac84da8}> (0x00000000eac84da8) 
thrown [s\src\hotspot\share\prims\jni.cpp, line 520]
Event: 2278.069 Thread 0x000002a1c2e07d20 Exception <a 'sun/nio/fs/WindowsException'{0x00000000ead706a0}> (0x00000000ead706a0) 
thrown [s\src\hotspot\share\prims\jni.cpp, line 520]
Event: 2278.236 Thread 0x000002a1c2e07d20 Exception <a 'sun/nio/fs/WindowsException'{0x00000000eab5b9d0}> (0x00000000eab5b9d0) 
thrown [s\src\hotspot\share\prims\jni.cpp, line 520]
Event: 2278.238 Thread 0x000002a1c2e07d20 Exception <a 'sun/nio/fs/WindowsException'{0x00000000eac05ed8}> (0x00000000eac05ed8) 
thrown [s\src\hotspot\share\prims\jni.cpp, line 520]
Event: 2278.291 Thread 0x000002a1c2e07d20 Exception <a 'sun/nio/fs/WindowsException'{0x00000000eab2c5c0}> (0x00000000eab2c5c0) 
thrown [s\src\hotspot\share\prims\jni.cpp, line 520]
Event: 2278.317 Thread 0x000002a1c2e07d20 Exception <a 'sun/nio/fs/WindowsException'{0x00000000eac2a710}> (0x00000000eac2a710) 
thrown [s\src\hotspot\share\prims\jni.cpp, line 520]
Event: 2278.565 Thread 0x000002a1c2e07d20 Exception <a 'sun/nio/fs/WindowsException'{0x00000000eac88740}> (0x00000000eac88740) 
thrown [s\src\hotspot\share\prims\jni.cpp, line 520]
Event: 2278.579 Thread 0x000002a1c2e07d20 Exception <a 'sun/nio/fs/WindowsException'{0x00000000eacd7318}> (0x00000000eacd7318) 
thrown [s\src\hotspot\share\prims\jni.cpp, line 520]

ZGC Phase Switch (0 events):
No events

VM Operations (20 events):
Event: 2280.473 Executing VM operation: ParallelGCFailedAllocation (Allocation Failure)
Event: 2280.474 Executing VM operation: ParallelGCFailedAllocation (Allocation Failure) done
Event: 2280.570 Executing VM operation: ParallelGCFailedAllocation (Allocation Failure)
Event: 2280.572 Executing VM operation: ParallelGCFailedAllocation (Allocation Failure) done
Event: 2280.677 Executing VM operation: ParallelGCFailedAllocation (Allocation Failure)
Event: 2281.680 Executing VM operation: ParallelGCFailedAllocation (Allocation Failure) done
Event: 2281.695 Executing VM operation: ParallelGCFailedAllocation (Allocation Failure)
Event: 2281.697 Executing VM operation: ParallelGCFailedAllocation (Allocation Failure) done
Event: 2281.715 Executing VM operation: ParallelGCFailedAllocation (Allocation Failure)
Event: 2281.717 Executing VM operation: ParallelGCFailedAllocation (Allocation Failure) done
Event: 2281.733 Executing VM operation: ParallelGCFailedAllocation (Allocation Failure)
Event: 2281.735 Executing VM operation: ParallelGCFailedAllocation (Allocation Failure) done
Event: 2281.758 Executing VM operation: ParallelGCFailedAllocation (Allocation Failure)
Event: 2281.760 Executing VM operation: ParallelGCFailedAllocation (Allocation Failure) done
Event: 2281.785 Executing VM operation: ParallelGCFailedAllocation (Allocation Failure)
Event: 2281.789 Executing VM operation: ParallelGCFailedAllocation (Allocation Failure) done
Event: 2281.805 Executing VM operation: ParallelGCFailedAllocation (Allocation Failure)
Event: 2282.808 Executing VM operation: ParallelGCFailedAllocation (Allocation Failure) done
Event: 2283.056 Executing VM operation: ParallelGCFailedAllocation (Allocation Failure)
Event: 2283.835 Executing VM operation: ParallelGCFailedAllocation (Allocation Failure) done

Memory protections (0 events):
No events

Nmethod flushes (20 events):
Event: 2259.946 Thread 0x000002a1f7531640 flushing  nmethod 0x000002a1e6c81810
Event: 2259.946 Thread 0x000002a1f7531640 flushing  nmethod 0x000002a1e6c81e10
Event: 2259.946 Thread 0x000002a1f7531640 flushing  nmethod 0x000002a1e6c82690
Event: 2259.946 Thread 0x000002a1f7531640 flushing  nmethod 0x000002a1e6c82a10
Event: 2259.946 Thread 0x000002a1f7531640 flushing  nmethod 0x000002a1e6c84190
Event: 2259.946 Thread 0x000002a1f7531640 flushing  nmethod 0x000002a1e6ca8910
Event: 2259.946 Thread 0x000002a1f7531640 flushing  nmethod 0x000002a1e6cacc90
Event: 2259.947 Thread 0x000002a1f7531640 flushing  nmethod 0x000002a1e6ccc910
Event: 2259.947 Thread 0x000002a1f7531640 flushing  nmethod 0x000002a1e6cdaf10
Event: 2259.947 Thread 0x000002a1f7531640 flushing  nmethod 0x000002a1e6d4f190
Event: 2259.947 Thread 0x000002a1f7531640 flushing  nmethod 0x000002a1e6d6ec90
Event: 2259.947 Thread 0x000002a1f7531640 flushing  nmethod 0x000002a1e6d6f310
Event: 2259.947 Thread 0x000002a1f7531640 flushing  nmethod 0x000002a1e6d72f10
Event: 2259.947 Thread 0x000002a1f7531640 flushing  nmethod 0x000002a1e6d75110
Event: 2259.947 Thread 0x000002a1f7531640 flushing  nmethod 0x000002a1e6d77e90
Event: 2259.947 Thread 0x000002a1f7531640 flushing  nmethod 0x000002a1e6d78710
Event: 2259.947 Thread 0x000002a1f7531640 flushing  nmethod 0x000002a1e6da4210
Event: 2259.947 Thread 0x000002a1f7531640 flushing  nmethod 0x000002a1e6da6090
Event: 2259.947 Thread 0x000002a1f7531640 flushing  nmethod 0x000002a1e6da6490
Event: 2259.947 Thread 0x000002a1f7531640 flushing  nmethod 0x000002a1e6daf090

Events (20 events):
Event: 2276.645 Thread 0x000002a1f8b445a0 Thread exited: 0x000002a1f8b445a0
Event: 2277.531 Thread 0x000002a1c2e07690 Thread added: 0x000002a1c2671270
Event: 2277.704 Thread 0x000002a1c2e07690 Thread added: 0x000002a1c2675410
Event: 2278.047 Thread 0x000002a1f8b44c70 Thread added: 0x000002a1f8b45340
Event: 2278.047 Thread 0x000002a1f8b44c70 Thread added: 0x000002a1c290b090
Event: 2278.090 Thread 0x000002a1f8a0e680 Thread added: 0x000002a1c2908e80
Event: 2278.441 Thread 0x000002a1c2908e80 Thread exited: 0x000002a1c2908e80
Event: 2278.856 Thread 0x000002a1c2e07690 Thread added: 0x000002a1c26767c0
Event: 2278.966 Thread 0x000002a1c2e07690 Thread added: 0x000002a1c2676e50
Event: 2278.966 Thread 0x000002a1c2e07690 Thread added: 0x000002a1c2675aa0
Event: 2278.966 Thread 0x000002a1c2e07690 Thread added: 0x000002a1c2674d80
Event: 2278.966 Thread 0x000002a1c2e07690 Thread added: 0x000002a1c2676130
Event: 2278.966 Thread 0x000002a1c2e07690 Thread added: 0x000002a1c26774e0
Event: 2278.967 Thread 0x000002a1c2e07690 Thread added: 0x000002a1c2677b70
Event: 2278.980 Thread 0x000002a1f8a0e680 Thread added: 0x000002a1c290a9c0
Event: 2279.108 Thread 0x000002a1c290a9c0 Thread exited: 0x000002a1c290a9c0
Event: 2279.174 Thread 0x000002a1f8b44c70 Thread added: 0x000002a1c290a9c0
Event: 2280.325 Thread 0x000002a1c290b090 Thread exited: 0x000002a1c290b090
Event: 2281.686 Thread 0x000002a1f8b45340 Thread exited: 0x000002a1f8b45340
Event: 2281.686 Thread 0x000002a1f8b44c70 Thread exited: 0x000002a1f8b44c70


Dynamic libraries:
0x00007ff6f0d60000 - 0x00007ff6f0d6e000 	c:\Users\saite\.vscode\extensions\redhat.java-1.41.1-win32-x64\jre\21.0.6-win32-x86_64\bin\java.exe
0x00007ffde3120000 - 0x00007ffde3380000 	C:\WINDOWS\SYSTEM32\ntdll.dll
0x00007ffda15d0000 - 0x00007ffda15ea000 	C:\Program Files\Avast Software\Avast\aswhook.dll
0x00007ffde1b00000 - 0x00007ffde1bc7000 	C:\WINDOWS\System32\KERNEL32.DLL
0x00007ffde0300000 - 0x00007ffde06cb000 	C:\WINDOWS\System32\KERNELBASE.dll
0x00007ffde0b60000 - 0x00007ffde0cab000 	C:\WINDOWS\System32\ucrtbase.dll
0x00007ffdd73d0000 - 0x00007ffdd73e8000 	c:\Users\saite\.vscode\extensions\redhat.java-1.41.1-win32-x64\jre\21.0.6-win32-x86_64\bin\jli.dll
0x00007ffdc3260000 - 0x00007ffdc327e000 	c:\Users\saite\.vscode\extensions\redhat.java-1.41.1-win32-x64\jre\21.0.6-win32-x86_64\bin\VCRUNTIME140.dll
0x00007ffde12d0000 - 0x00007ffde149c000 	C:\WINDOWS\System32\USER32.dll
0x00007ffddf4c0000 - 0x00007ffddf757000 	C:\WINDOWS\WinSxS\amd64_microsoft.windows.common-controls_6595b64144ccf1df_6.0.26100.3624_none_3e086962e3345f24\COMCTL32.dll
0x00007ffde0ef0000 - 0x00007ffde0f17000 	C:\WINDOWS\System32\win32u.dll
0x00007ffde2d30000 - 0x00007ffde2dd9000 	C:\WINDOWS\System32\msvcrt.dll
0x00007ffde14f0000 - 0x00007ffde151a000 	C:\WINDOWS\System32\GDI32.dll
0x00007ffde08d0000 - 0x00007ffde0a01000 	C:\WINDOWS\System32\gdi32full.dll
0x00007ffde0a10000 - 0x00007ffde0ab3000 	C:\WINDOWS\System32\msvcp_win.dll
0x00007ffde1520000 - 0x00007ffde154f000 	C:\WINDOWS\System32\IMM32.DLL
0x00007ffdd94e0000 - 0x00007ffdd94ec000 	c:\Users\saite\.vscode\extensions\redhat.java-1.41.1-win32-x64\jre\21.0.6-win32-x86_64\bin\vcruntime140_1.dll
0x00007ffda1380000 - 0x00007ffda140d000 	c:\Users\saite\.vscode\extensions\redhat.java-1.41.1-win32-x64\jre\21.0.6-win32-x86_64\bin\msvcp140.dll
0x00007ffd17370000 - 0x00007ffd18100000 	c:\Users\saite\.vscode\extensions\redhat.java-1.41.1-win32-x64\jre\21.0.6-win32-x86_64\bin\server\jvm.dll
0x00007ffde1f80000 - 0x00007ffde2033000 	C:\WINDOWS\System32\ADVAPI32.dll
0x00007ffde1560000 - 0x00007ffde1606000 	C:\WINDOWS\System32\sechost.dll
0x00007ffde2040000 - 0x00007ffde2156000 	C:\WINDOWS\System32\RPCRT4.dll
0x00007ffde1bd0000 - 0x00007ffde1c44000 	C:\WINDOWS\System32\WS2_32.dll
0x00007ffddffc0000 - 0x00007ffde001e000 	C:\WINDOWS\SYSTEM32\POWRPROF.dll
0x00007ffdd7dd0000 - 0x00007ffdd7ddb000 	C:\WINDOWS\SYSTEM32\VERSION.dll
0x00007ffdd73f0000 - 0x00007ffdd7426000 	C:\WINDOWS\SYSTEM32\WINMM.dll
0x00007ffddffa0000 - 0x00007ffddffb4000 	C:\WINDOWS\SYSTEM32\UMPDC.dll
0x00007ffdde850000 - 0x00007ffdde86a000 	C:\WINDOWS\SYSTEM32\kernel.appcore.dll
0x00007ffdd3240000 - 0x00007ffdd324a000 	c:\Users\saite\.vscode\extensions\redhat.java-1.41.1-win32-x64\jre\21.0.6-win32-x86_64\bin\jimage.dll
0x00007ffddfb10000 - 0x00007ffddfd51000 	C:\WINDOWS\SYSTEM32\DBGHELP.DLL
0x00007ffde1770000 - 0x00007ffde1af3000 	C:\WINDOWS\System32\combase.dll
0x00007ffde1620000 - 0x00007ffde16f6000 	C:\WINDOWS\System32\OLEAUT32.dll
0x00007ffddf960000 - 0x00007ffddf999000 	C:\WINDOWS\SYSTEM32\dbgcore.DLL
0x00007ffde0ac0000 - 0x00007ffde0b59000 	C:\WINDOWS\System32\bcryptPrimitives.dll
0x00007ffdc7800000 - 0x00007ffdc780f000 	c:\Users\saite\.vscode\extensions\redhat.java-1.41.1-win32-x64\jre\21.0.6-win32-x86_64\bin\instrument.dll
0x00007ffdc3120000 - 0x00007ffdc313f000 	c:\Users\saite\.vscode\extensions\redhat.java-1.41.1-win32-x64\jre\21.0.6-win32-x86_64\bin\java.dll
0x00007ffde2600000 - 0x00007ffde2d29000 	C:\WINDOWS\System32\SHELL32.dll
0x00007ffde0760000 - 0x00007ffde08c8000 	C:\WINDOWS\System32\wintypes.dll
0x00007ffddd560000 - 0x00007ffddddb2000 	C:\WINDOWS\SYSTEM32\windows.storage.dll
0x00007ffde0f80000 - 0x00007ffde106d000 	C:\WINDOWS\System32\SHCORE.dll
0x00007ffde1700000 - 0x00007ffde1764000 	C:\WINDOWS\System32\shlwapi.dll
0x00007ffde0210000 - 0x00007ffde023f000 	C:\WINDOWS\SYSTEM32\profapi.dll
0x00007ffdb0420000 - 0x00007ffdb0438000 	c:\Users\saite\.vscode\extensions\redhat.java-1.41.1-win32-x64\jre\21.0.6-win32-x86_64\bin\zip.dll
0x00007ffdc7780000 - 0x00007ffdc7790000 	C:\Users\saite\.vscode\extensions\redhat.java-1.41.1-win32-x64\jre\21.0.6-win32-x86_64\bin\net.dll
0x00007ffdd8600000 - 0x00007ffdd871d000 	C:\WINDOWS\SYSTEM32\WINHTTP.dll
0x00007ffdded20000 - 0x00007ffdded8a000 	C:\WINDOWS\system32\mswsock.dll
0x00007ffdc3000000 - 0x00007ffdc3016000 	C:\Users\saite\.vscode\extensions\redhat.java-1.41.1-win32-x64\jre\21.0.6-win32-x86_64\bin\nio.dll
0x00007ffdc3970000 - 0x00007ffdc3980000 	c:\Users\saite\.vscode\extensions\redhat.java-1.41.1-win32-x64\jre\21.0.6-win32-x86_64\bin\verify.dll
0x00007ffd9ab20000 - 0x00007ffd9ab65000 	C:\Users\saite\AppData\Roaming\Code\User\globalStorage\redhat.java\1.41.1\config_win\org.eclipse.equinox.launcher\org.eclipse.equinox.launcher.win32.win32.x86_64_1.2.1300.v20250331-1702\eclipse_11911.dll
0x00007ffde1dd0000 - 0x00007ffde1f66000 	C:\WINDOWS\System32\ole32.dll
0x00007ffdafd20000 - 0x00007ffdafd2a000 	C:\Users\saite\.vscode\extensions\redhat.java-1.41.1-win32-x64\jre\21.0.6-win32-x86_64\bin\management.dll
0x00007ffdaecb0000 - 0x00007ffdaecbb000 	C:\Users\saite\.vscode\extensions\redhat.java-1.41.1-win32-x64\jre\21.0.6-win32-x86_64\bin\management_ext.dll
0x00007ffde1610000 - 0x00007ffde1618000 	C:\WINDOWS\System32\PSAPI.DLL
0x00007ffddfe80000 - 0x00007ffddfe9c000 	C:\WINDOWS\SYSTEM32\CRYPTSP.dll
0x00007ffdde7b0000 - 0x00007ffdde7ea000 	C:\WINDOWS\system32\rsaenh.dll
0x00007ffddedc0000 - 0x00007ffddedeb000 	C:\WINDOWS\SYSTEM32\USERENV.dll
0x00007ffddfaa0000 - 0x00007ffddfac6000 	C:\WINDOWS\SYSTEM32\bcrypt.dll
0x00007ffddfed0000 - 0x00007ffddfedc000 	C:\WINDOWS\SYSTEM32\CRYPTBASE.dll
0x00007ffdde300000 - 0x00007ffdde333000 	C:\WINDOWS\SYSTEM32\IPHLPAPI.DLL
0x00007ffde2de0000 - 0x00007ffde2dea000 	C:\WINDOWS\System32\NSI.dll
0x00007ffda0aa0000 - 0x00007ffda0ae9000 	C:\Users\saite\AppData\Local\Temp\jna-109199244\jna9919973792105154151.dll
0x00007ffdd91a0000 - 0x00007ffdd91bf000 	C:\WINDOWS\SYSTEM32\dhcpcsvc6.DLL
0x00007ffdd9100000 - 0x00007ffdd9125000 	C:\WINDOWS\SYSTEM32\dhcpcsvc.DLL
0x00007ffdaeab0000 - 0x00007ffdaeabe000 	C:\Users\saite\.vscode\extensions\redhat.java-1.41.1-win32-x64\jre\21.0.6-win32-x86_64\bin\sunmscapi.dll
0x00007ffde0d70000 - 0x00007ffde0ee7000 	C:\WINDOWS\System32\CRYPT32.dll
0x00007ffddf380000 - 0x00007ffddf3b0000 	C:\WINDOWS\SYSTEM32\ncrypt.dll
0x00007ffddf330000 - 0x00007ffddf36f000 	C:\WINDOWS\SYSTEM32\NTASN1.dll
0x00007ffdde340000 - 0x00007ffdde465000 	C:\WINDOWS\SYSTEM32\DNSAPI.dll
0x00007ffdd8f50000 - 0x00007ffdd8f5b000 	C:\Windows\System32\rasadhlp.dll
0x00007ffdd93e0000 - 0x00007ffdd9465000 	C:\WINDOWS\System32\fwpuclnt.dll
0x00007ffdae850000 - 0x00007ffdae859000 	C:\Users\saite\.vscode\extensions\redhat.java-1.41.1-win32-x64\jre\21.0.6-win32-x86_64\bin\extnet.dll

dbghelp: loaded successfully - version: 4.0.5 - missing functions: none
symbol engine: initialized successfully - sym options: 0x614 - pdb path: .;c:\Users\saite\.vscode\extensions\redhat.java-1.41.1-win32-x64\jre\21.0.6-win32-x86_64\bin;C:\WINDOWS\SYSTEM32;C:\Program Files\Avast Software\Avast;C:\WINDOWS\WinSxS\amd64_microsoft.windows.common-controls_6595b64144ccf1df_6.0.26100.3624_none_3e086962e3345f24;c:\Users\saite\.vscode\extensions\redhat.java-1.41.1-win32-x64\jre\21.0.6-win32-x86_64\bin\server;C:\Users\saite\AppData\Roaming\Code\User\globalStorage\redhat.java\1.41.1\config_win\org.eclipse.equinox.launcher\org.eclipse.equinox.launcher.win32.win32.x86_64_1.2.1300.v20250331-1702;C:\Users\saite\AppData\Local\Temp\jna-109199244

VM Arguments:
jvm_args: --add-modules=ALL-SYSTEM --add-opens=java.base/java.util=ALL-UNNAMED --add-opens=java.base/java.lang=ALL-UNNAMED --add-opens=java.base/sun.nio.fs=ALL-UNNAMED -Declipse.application=org.eclipse.jdt.ls.core.id1 -Dosgi.bundles.defaultStartLevel=4 -Declipse.product=org.eclipse.jdt.ls.core.product -Djava.import.generatesMetadataFilesAtProjectRoot=false -DDetectVMInstallationsJob.disabled=true -Dfile.encoding=utf8 -XX:+UseParallelGC -XX:GCTimeRatio=4 -XX:AdaptiveSizePolicyWeight=90 -Dsun.zip.disableMemoryMapping=true -Xmx1G -Xms100m -Xlog:disable -javaagent:c:\Users\saite\.vscode\extensions\redhat.java-1.41.1-win32-x64\lombok\lombok-1.18.36.jar -XX:+HeapDumpOnOutOfMemoryError -XX:HeapDumpPath=c:\Users\saite\AppData\Roaming\Code\User\workspaceStorage\0bf10946862b9d36d36292a07bf4ec31\redhat.java -Daether.dependencyCollector.impl=bf 
java_command: c:\Users\saite\.vscode\extensions\redhat.java-1.41.1-win32-x64\server\plugins\org.eclipse.equinox.launcher_1.7.0.v20250331-1702.jar -configuration c:\Users\saite\AppData\Roaming\Code\User\globalStorage\redhat.java\1.41.1\config_win -data c:\Users\saite\AppData\Roaming\Code\User\workspaceStorage\0bf10946862b9d36d36292a07bf4ec31\redhat.java\jdt_ws --pipe=\\.\pipe\lsp-cf71563a324fbcfff8faee68c8e6ba19-sock
java_class_path (initial): c:\Users\saite\.vscode\extensions\redhat.java-1.41.1-win32-x64\server\plugins\org.eclipse.equinox.launcher_1.7.0.v20250331-1702.jar
Launcher Type: SUN_STANDARD

[Global flags]
    uintx AdaptiveSizePolicyWeight                 = 90                                        {product} {command line}
     intx CICompilerCount                          = 12                                        {product} {ergonomic}
    uintx GCTimeRatio                              = 4                                         {product} {command line}
     bool HeapDumpOnOutOfMemoryError               = true                                   {manageable} {command line}
    ccstr HeapDumpPath                             = c:\Users\saite\AppData\Roaming\Code\User\workspaceStorage\0bf10946862b9d36d36292a07bf4ec31\redhat.java         {manageable} {command line}
   size_t InitialHeapSize                          = 104857600                                 {product} {command line}
   size_t MaxHeapSize                              = 1073741824                                {product} {command line}
   size_t MaxNewSize                               = 357564416                                 {product} {ergonomic}
   size_t MinHeapDeltaBytes                        = 524288                                    {product} {ergonomic}
   size_t MinHeapSize                              = 104857600                                 {product} {command line}
   size_t NewSize                                  = 34603008                                  {product} {ergonomic}
    uintx NonNMethodCodeHeapSize                   = 7602480                                {pd product} {ergonomic}
    uintx NonProfiledCodeHeapSize                  = 122027880                              {pd product} {ergonomic}
   size_t OldSize                                  = 70254592                                  {product} {ergonomic}
    uintx ProfiledCodeHeapSize                     = 122027880                              {pd product} {ergonomic}
    uintx ReservedCodeCacheSize                    = 251658240                              {pd product} {ergonomic}
     bool SegmentedCodeCache                       = true                                      {product} {ergonomic}
   size_t SoftMaxHeapSize                          = 1073741824                             {manageable} {ergonomic}
     bool UseCompressedOops                        = true                           {product lp64_product} {ergonomic}
     bool UseLargePagesIndividualAllocation        = false                                  {pd product} {ergonomic}
     bool UseParallelGC                            = true                                      {product} {command line}

Logging:
Log output configuration:
 #0: stdout all=off uptime,level,tags foldmultilines=false
 #1: stderr all=off uptime,level,tags foldmultilines=false

Environment Variables:
PATH=C:\Python313\Scripts\;C:\Python313\;C:\Oracle\db_home\bin;C:\Program Files\Common Files\Oracle\Java\javapath;C:\xampp\MySQL\MySQL Server 8.0\bin;C:\WINDOWS\system32;C:\WINDOWS;C:\WINDOWS\System32\Wbem;C:\WINDOWS\System32\WindowsPowerShell\v1.0\;C:\WINDOWS\System32\OpenSSH\;C:\Program Files (x86)\NVIDIA Corporation\PhysX\Common;C:\Program Files\NVIDIA Corporation\NVIDIA NvDLISR;C:\WINDOWS\system32;C:\WINDOWS;C:\WINDOWS\System32\Wbem;C:\WINDOWS\System32\WindowsPowerShell\v1.0\;C:\WINDOWS\System32\OpenSSH\;C:\ProgramData\chocolatey\bin;C:\Users\saite\AppData\Local\Android\Sdk\platform-tools;C:\Users\saite\AppData\Local\Android\Sdk\tools;C:\Users\saite\AppData\Local\Android\Sdk\tools\bin;C:\Program Files\nodejs\;C:\Users\saite\AppData\Local\Android\Sdk\cmdline-tools\latest\bin;C:\Program Files\Git\cmd;D:\apache-maven-3.9.9\bin;C:\Users\saite\scoop\shims;C:\Users\saite\AppData\Local\Microsoft\WindowsApps;C:\Users\saite\AppData\Local\Programs\Microsoft VS Code\bin;C:\xampp\MySQL\MySQL Server 8.0\bin;C://UnLockCatch/tools/vcruntime;C:\Users\saite\AppData\Roaming\npm
USERNAME=saite
OS=Windows_NT
PROCESSOR_IDENTIFIER=AMD64 Family 23 Model 96 Stepping 1, AuthenticAMD
TMP=C:\Users\saite\AppData\Local\Temp
TEMP=C:\Users\saite\AppData\Local\Temp




Periodic native trim disabled

---------------  S Y S T E M  ---------------

OS:
 Windows 11 , 64 bit Build 26100 (10.0.26100.3624)
OS uptime: 0 days 3:44 hours

CPU: total 16 (initial active 16) (16 cores per cpu, 2 threads per core) family 23 model 96 stepping 1 microcode 0x8600106, cx8, cmov, fxsr, ht, mmx, 3dnowpref, sse, sse2, sse3, ssse3, sse4a, sse4.1, sse4.2, popcnt, lzcnt, tsc, tscinvbit, avx, avx2, aes, clmul, bmi1, bmi2, adx, sha, fma, vzeroupper, clflush, clflushopt, rdtscp, rdpid, f16c
Processor Information for the first 16 processors :
  Max Mhz: 2901, Current Mhz: 2901, Mhz Limit: 2901

Memory: 4k page, system-wide physical 7599M (1002M free)
TotalPageFile size 31151M (AvailPageFile size 1619M)
current process WorkingSet (physical memory assigned to process): 521M, peak: 521M
current process commit charge ("private bytes"): 975M, peak: 975M

vm_info: OpenJDK 64-Bit Server VM (21.0.6+7-LTS) for windows-amd64 JRE (21.0.6+7-LTS), built on 2025-01-21T00:00:00Z by "admin" with MS VC++ 17.7 (VS2022)

END.
