#
# There is insufficient memory for the Java Runtime Environment to continue.
# Native memory allocation (mmap) failed to map 125829120 bytes for G1 virtual space
# Possible reasons:
#   The system is out of physical RAM or swap space
#   The process is running with CompressedOops enabled, and the Java Heap may be blocking the growth of the native heap
# Possible solutions:
#   Reduce memory load on the system
#   Increase physical memory or swap space
#   Check if swap backing store is full
#   Decrease Java heap size (-Xmx/-Xms)
#   Decrease number of Java threads
#   Decrease Java thread stack sizes (-Xss)
#   Set larger code cache with -XX:ReservedCodeCacheSize=
#   JVM is running with Unscaled Compressed Oops mode in which the Java heap is
#     placed in the first 4GB address space. The Java Heap base address is the
#     maximum limit for the native heap growth. Please use -XX:HeapBaseMinAddress
#     to set the Java Heap base and to place the Java Heap above 4GB virtual address.
# This output file may be truncated or incomplete.
#
#  Out of Memory Error (os_windows.cpp:3527), pid=13628, tid=30900
#
# JRE version:  (19.0+36) (build )
# Java VM: Java HotSpot(TM) 64-Bit Server VM (19+36-2238, mixed mode, sharing, tiered, compressed oops, compressed class ptrs, g1 gc, windows-amd64)
# No core dump will be written. Minidumps are not enabled by default on client versions of Windows
#

---------------  S U M M A R Y ------------

Command Line: com.google.prefab.cli.AppKt --build-system cmake --platform android --abi x86 --os-version 24 --stl c++_shared --ndk-version 27 --output C:\\Users\\saite\\AppData\\Local\\Temp\\agp-prefab-staging4804149931805525325\\staged-cli-output C:\\Users\\saite\\scoop\\apps\\gradle\\current\\.gradle\\caches\\8.12\\transforms\\f0cbb2cbf3730d81e18c2b2ed9b3eee6\\transformed\\react-android-0.78.2-debug\\prefab C:\\Users\\saite\\scoop\\apps\\gradle\\current\\.gradle\\caches\\8.12\\transforms\\07f94055a40d2b2efef5615e5e1b1106\\transformed\\hermes-android-0.78.2-debug\\prefab C:\\Users\\saite\\scoop\\apps\\gradle\\current\\.gradle\\caches\\8.12\\transforms\\bbbd7faada6db350ac59925f93ab342e\\transformed\\fbjni-0.7.0\\prefab

Host: AMD Ryzen 7 4800H with Radeon Graphics         , 16 cores, 7G,  Windows 11 , 64 bit Build 26100 (10.0.26100.3624)
Time: Thu Apr  3 00:39:29 2025 India Standard Time elapsed time: 2.051224 seconds (0d 0h 0m 2s)

---------------  T H R E A D  ---------------

Current thread (0x000002844777af70):  JavaThread "Unknown thread" [_thread_in_vm, id=30900, stack(0x000000c5b9100000,0x000000c5b9200000)]

Stack: [0x000000c5b9100000,0x000000c5b9200000]
Native frames: (J=compiled Java code, j=interpreted, Vv=VM code, C=native code)
V  [jvm.dll+0x6ee8fa]
V  [jvm.dll+0x857a1e]
V  [jvm.dll+0x85940e]
V  [jvm.dll+0x859ac3]
V  [jvm.dll+0x28291f]
V  [jvm.dll+0x6eb6e9]
V  [jvm.dll+0x6e028a]
V  [jvm.dll+0x357136]
V  [jvm.dll+0x35eb96]
V  [jvm.dll+0x3b555e]
V  [jvm.dll+0x3b578f]
V  [jvm.dll+0x32c6ea]
V  [jvm.dll+0x32d59e]
V  [jvm.dll+0x821b20]
V  [jvm.dll+0x3c27c1]
V  [jvm.dll+0x8022f1]
V  [jvm.dll+0x44b30f]
V  [jvm.dll+0x44cc91]
C  [jli.dll+0x5287]
C  [ucrtbase.dll+0x37b0]
C  [KERNEL32.DLL+0x2e8d7]
C  [ntdll.dll+0xb14fc]


---------------  P R O C E S S  ---------------

Threads class SMR info:
_java_thread_list=0x00007ffd8492d048, length=0, elements={
}

Java Threads: ( => current thread )

Other Threads:
  0x00000284477d7860 WorkerThread "GC Thread#0" [stack: 0x000000c5b9200000,0x000000c5b9300000] [id=24112]
  0x00000284477ebb50 ConcurrentGCThread "G1 Main Marker" [stack: 0x000000c5b9300000,0x000000c5b9400000] [id=19220]
  0x00000284477ec490 WorkerThread "G1 Conc#0" [stack: 0x000000c5b9400000,0x000000c5b9500000] [id=30132]

[error occurred during error reporting (printing all threads), id 0xc0000005, EXCEPTION_ACCESS_VIOLATION (0xc0000005) at pc=0x00007ffd840ed127]

VM state: not at safepoint (not fully initialized)

VM Mutex/Monitor currently owned by a thread:  ([mutex/lock_event])
[0x00000284477775b0] Heap_lock - owner thread: 0x000002844777af70

Heap address: 0x0000000089400000, size: 1900 MB, Compressed Oops mode: 32-bit

CDS archive(s) mapped at: [0x0000000000000000-0x0000000000000000-0x0000000000000000), size 0, SharedBaseAddress: 0x0000000800000000, ArchiveRelocationMode: 0.
Narrow klass base: 0x0000000000000000, Narrow klass shift: 0, Narrow klass range: 0x0

GC Precious Log:
 CardTable entry size: 512
 Card Set container configuration: InlinePtr #cards 5 size 8 Array Of Cards #cards 12 size 40 Howl #buckets 4 coarsen threshold 1843 Howl Bitmap #cards 512 size 80 coarsen threshold 460 Card regions per heap region 1 cards per card region 2048

Heap:
 garbage-first heap   total 0K, used 0K [0x0000000089400000, 0x0000000100000000)
  region size 1024K, 0 young (0K), 0 survivors (0K)

[error occurred during error reporting (printing heap information), id 0xc0000005, EXCEPTION_ACCESS_VIOLATION (0xc0000005) at pc=0x00007ffd844f6959]

GC Heap History (0 events):
No events

Dll operation events (1 events):
Event: 0.025 Loaded shared library C:\Program Files\Java\jdk-19\bin\java.dll

Deoptimization events (0 events):
No events

Classes loaded (0 events):
No events

Classes unloaded (0 events):
No events

Classes redefined (0 events):
No events

Internal exceptions (0 events):
No events

VM Operations (0 events):
No events

Events (0 events):
No events


Dynamic libraries:
0x00007ff788fd0000 - 0x00007ff788fe0000 	C:\Program Files\Java\jdk-19\bin\java.exe
0x00007ffde3120000 - 0x00007ffde3380000 	C:\WINDOWS\SYSTEM32\ntdll.dll
0x00007ffda15d0000 - 0x00007ffda15ea000 	C:\Program Files\Avast Software\Avast\aswhook.dll
0x00007ffde1b00000 - 0x00007ffde1bc7000 	C:\WINDOWS\System32\KERNEL32.DLL
0x00007ffde0300000 - 0x00007ffde06cb000 	C:\WINDOWS\System32\KERNELBASE.dll
0x00007ffde0b60000 - 0x00007ffde0cab000 	C:\WINDOWS\System32\ucrtbase.dll
0x00007ffd85740000 - 0x00007ffd8575b000 	C:\Program Files\Java\jdk-19\bin\VCRUNTIME140.dll
0x00007ffd85760000 - 0x00007ffd85778000 	C:\Program Files\Java\jdk-19\bin\jli.dll
0x00007ffde1f80000 - 0x00007ffde2033000 	C:\WINDOWS\System32\ADVAPI32.dll
0x00007ffde2d30000 - 0x00007ffde2dd9000 	C:\WINDOWS\System32\msvcrt.dll
0x00007ffde1560000 - 0x00007ffde1606000 	C:\WINDOWS\System32\sechost.dll
0x00007ffde2040000 - 0x00007ffde2156000 	C:\WINDOWS\System32\RPCRT4.dll
0x00007ffde12d0000 - 0x00007ffde149c000 	C:\WINDOWS\System32\USER32.dll
0x00007ffde0ef0000 - 0x00007ffde0f17000 	C:\WINDOWS\System32\win32u.dll
0x00007ffde14f0000 - 0x00007ffde151a000 	C:\WINDOWS\System32\GDI32.dll
0x00007ffddf4c0000 - 0x00007ffddf757000 	C:\WINDOWS\WinSxS\amd64_microsoft.windows.common-controls_6595b64144ccf1df_6.0.26100.3624_none_3e086962e3345f24\COMCTL32.dll
0x00007ffde08d0000 - 0x00007ffde0a01000 	C:\WINDOWS\System32\gdi32full.dll
0x00007ffde0a10000 - 0x00007ffde0ab3000 	C:\WINDOWS\System32\msvcp_win.dll
0x00007ffdd7dd0000 - 0x00007ffdd7ddb000 	C:\WINDOWS\SYSTEM32\VERSION.dll
0x00007ffde1520000 - 0x00007ffde154f000 	C:\WINDOWS\System32\IMM32.DLL
0x00007ffdaa040000 - 0x00007ffdaa04c000 	C:\Program Files\Java\jdk-19\bin\vcruntime140_1.dll
0x00007ffd84ea0000 - 0x00007ffd84f2e000 	C:\Program Files\Java\jdk-19\bin\msvcp140.dll
0x00007ffd83db0000 - 0x00007ffd84a70000 	C:\Program Files\Java\jdk-19\bin\server\jvm.dll
0x00007ffdd73f0000 - 0x00007ffdd7426000 	C:\WINDOWS\SYSTEM32\WINMM.dll
0x00007ffdd4bc0000 - 0x00007ffdd4bca000 	C:\WINDOWS\SYSTEM32\WSOCK32.dll
0x00007ffde1bd0000 - 0x00007ffde1c44000 	C:\WINDOWS\System32\ws2_32.DLL
0x00007ffdde850000 - 0x00007ffdde86a000 	C:\WINDOWS\SYSTEM32\kernel.appcore.dll
0x00007ffda1980000 - 0x00007ffda198a000 	C:\Program Files\Java\jdk-19\bin\jimage.dll
0x00007ffddfb10000 - 0x00007ffddfd51000 	C:\WINDOWS\SYSTEM32\DBGHELP.DLL
0x00007ffde1770000 - 0x00007ffde1af3000 	C:\WINDOWS\System32\combase.dll
0x00007ffde1620000 - 0x00007ffde16f6000 	C:\WINDOWS\System32\OLEAUT32.dll
0x00007ffddf960000 - 0x00007ffddf999000 	C:\WINDOWS\SYSTEM32\dbgcore.DLL
0x00007ffde0ac0000 - 0x00007ffde0b59000 	C:\WINDOWS\System32\bcryptPrimitives.dll
0x00007ffd84e70000 - 0x00007ffd84e96000 	C:\Program Files\Java\jdk-19\bin\java.dll

dbghelp: loaded successfully - version: 4.0.5 - missing functions: none
symbol engine: initialized successfully - sym options: 0x614 - pdb path: .;C:\Program Files\Java\jdk-19\bin;C:\WINDOWS\SYSTEM32;C:\Program Files\Avast Software\Avast;C:\WINDOWS\WinSxS\amd64_microsoft.windows.common-controls_6595b64144ccf1df_6.0.26100.3624_none_3e086962e3345f24;C:\Program Files\Java\jdk-19\bin\server

VM Arguments:
java_command: com.google.prefab.cli.AppKt --build-system cmake --platform android --abi x86 --os-version 24 --stl c++_shared --ndk-version 27 --output C:\\Users\\saite\\AppData\\Local\\Temp\\agp-prefab-staging4804149931805525325\\staged-cli-output C:\\Users\\saite\\scoop\\apps\\gradle\\current\\.gradle\\caches\\8.12\\transforms\\f0cbb2cbf3730d81e18c2b2ed9b3eee6\\transformed\\react-android-0.78.2-debug\\prefab C:\\Users\\saite\\scoop\\apps\\gradle\\current\\.gradle\\caches\\8.12\\transforms\\07f94055a40d2b2efef5615e5e1b1106\\transformed\\hermes-android-0.78.2-debug\\prefab C:\\Users\\saite\\scoop\\apps\\gradle\\current\\.gradle\\caches\\8.12\\transforms\\bbbd7faada6db350ac59925f93ab342e\\transformed\\fbjni-0.7.0\\prefab
java_class_path (initial): C:\\Users\\saite\\scoop\\apps\\gradle\\current\\.gradle\\caches\\modules-2\\files-2.1\\com.google.prefab\\cli\\2.1.0\\aa32fec809c44fa531f01dcfb739b5b3304d3050\\cli-2.1.0-all.jar
Launcher Type: SUN_STANDARD

[Global flags]
     intx CICompilerCount                          = 12                                        {product} {ergonomic}
     uint ConcGCThreads                            = 3                                         {product} {ergonomic}
     uint G1ConcRefinementThreads                  = 13                                        {product} {ergonomic}
   size_t G1HeapRegionSize                         = 1048576                                   {product} {ergonomic}
    uintx GCDrainStackTargetSize                   = 64                                        {product} {ergonomic}
   size_t InitialHeapSize                          = 125829120                                 {product} {ergonomic}
   size_t MarkStackSize                            = 4194304                                   {product} {ergonomic}
   size_t MaxHeapSize                              = 1992294400                                {product} {ergonomic}
   size_t MinHeapDeltaBytes                        = 1048576                                   {product} {ergonomic}
   size_t MinHeapSize                              = 8388608                                   {product} {ergonomic}
    uintx NonNMethodCodeHeapSize                   = 7602480                                {pd product} {ergonomic}
    uintx NonProfiledCodeHeapSize                  = 122027880                              {pd product} {ergonomic}
    uintx ProfiledCodeHeapSize                     = 122027880                              {pd product} {ergonomic}
    uintx ReservedCodeCacheSize                    = 251658240                              {pd product} {ergonomic}
     bool SegmentedCodeCache                       = true                                      {product} {ergonomic}
   size_t SoftMaxHeapSize                          = 1992294400                             {manageable} {ergonomic}
     bool UseCompressedClassPointers               = true                           {product lp64_product} {ergonomic}
     bool UseCompressedOops                        = true                           {product lp64_product} {ergonomic}
     bool UseG1GC                                  = true                                      {product} {ergonomic}
     bool UseLargePagesIndividualAllocation        = false                                  {pd product} {ergonomic}

Logging:
Log output configuration:
 #0: stdout all=warning uptime,level,tags foldmultilines=false
 #1: stderr all=off uptime,level,tags foldmultilines=false

Environment Variables:
CLASSPATH=D:\financeTrackerFrontend\android\\gradle\wrapper\gradle-wrapper.jar
PATH=D:\financeTrackerFrontend\node_modules\.bin;D:\financeTrackerFrontend\node_modules\.bin;D:\node_modules\.bin;C:\Program Files\nodejs\node_modules\npm\node_modules\@npmcli\run-script\lib\node-gyp-bin;C:\Python313\Scripts\;C:\Python313\;C:\Oracle\db_home\bin;C:\Program Files\Common Files\Oracle\Java\javapath;C:\xampp\MySQL\MySQL Server 8.0\bin;C:\WINDOWS\system32;C:\WINDOWS;C:\WINDOWS\System32\Wbem;C:\WINDOWS\System32\WindowsPowerShell\v1.0\;C:\WINDOWS\System32\OpenSSH\;C:\Program Files (x86)\NVIDIA Corporation\PhysX\Common;C:\Program Files\NVIDIA Corporation\NVIDIA NvDLISR;C:\WINDOWS\system32;C:\WINDOWS;C:\WINDOWS\System32\Wbem;C:\WINDOWS\System32\WindowsPowerShell\v1.0\;C:\WINDOWS\System32\OpenSSH\;C:\ProgramData\chocolatey\bin;C:\Users\saite\AppData\Local\Android\Sdk\platform-tools;C:\Users\saite\AppData\Local\Android\Sdk\tools;C:\Users\saite\AppData\Local\Android\Sdk\tools\bin;C:\Program Files\nodejs\;C:\Users\saite\AppData\Local\Android\Sdk\cmdline-tools\latest\bin;C:\Program Files\Git\cmd;D:\apache-maven-3.9.9\bin;C:\Users\saite\scoop\shims;C:\Users\saite\AppData\Local\Microsoft\WindowsApps;C:\Users\saite\AppData\Local\Programs\Microsoft VS Code\bin;C:\xampp\MySQL\MySQL Server 8.0\bin;C://UnLockCatch/tools/vcruntime;C:\Users\saite\AppData\Roaming\npm
USERNAME=saite
LANG=en_US.UTF-8
OS=Windows_NT
PROCESSOR_IDENTIFIER=AMD64 Family 23 Model 96 Stepping 1, AuthenticAMD
TMP=C:\Users\saite\AppData\Local\Temp
TEMP=C:\Users\saite\AppData\Local\Temp



---------------  S Y S T E M  ---------------

OS:
 Windows 11 , 64 bit Build 26100 (10.0.26100.3624)
OS uptime: 0 days 4:06 hours

CPU: total 16 (initial active 16) (16 cores per cpu, 2 threads per core) family 23 model 96 stepping 1 microcode 0x8600106, cx8, cmov, fxsr, ht, mmx, 3dnowpref, sse, sse2, sse3, ssse3, sse4a, sse4.1, sse4.2, popcnt, lzcnt, tsc, tscinvbit, avx, avx2, aes, clmul, bmi1, bmi2, adx, sha, fma, vzeroupper, clflush, clflushopt, rdtscp, rdpid

Memory: 4k page, system-wide physical 7599M (222M free)
TotalPageFile size 31151M (AvailPageFile size 32M)
current process WorkingSet (physical memory assigned to process): 12M, peak: 12M
current process commit charge ("private bytes"): 71M, peak: 191M

vm_info: Java HotSpot(TM) 64-Bit Server VM (19+36-2238) for windows-amd64 JRE (19+36-2238), built on 2022-08-12T20:29:01Z by "mach5one" with MS VC++ 17.1 (VS2022)

END.
